[2024-06-21 03:53:31] local.ERROR: Please provide a valid cache path. {"exception":"[object] (InvalidArgumentException(code: 0): Please provide a valid cache path. at C:\\Users\\ASUS\\Desktop\\Laravel\\Laravel_10_Job_Portal_Seeking\\vendor\\laravel\\framework\\src\\Illuminate\\View\\Compilers\\Compiler.php:67)
[stacktrace]
#0 C:\\Users\\ASUS\\Desktop\\Laravel\\Laravel_10_Job_Portal_Seeking\\vendor\\laravel\\framework\\src\\Illuminate\\View\\ViewServiceProvider.php(96): Illuminate\\View\\Compilers\\Compiler->__construct(Object(Illuminate\\Filesystem\\Filesystem), false, '', true, 'php')
#1 C:\\Users\\ASUS\\Desktop\\Laravel\\Laravel_10_Job_Portal_Seeking\\vendor\\laravel\\framework\\src\\Illuminate\\Container\\Container.php(908): Illuminate\\View\\ViewServiceProvider->Illuminate\\View\\{closure}(Object(Illuminate\\Foundation\\Application), Array)
#2 C:\\Users\\ASUS\\Desktop\\Laravel\\Laravel_10_Job_Portal_Seeking\\vendor\\laravel\\framework\\src\\Illuminate\\Container\\Container.php(795): Illuminate\\Container\\Container->build(Object(Closure))
#3 C:\\Users\\ASUS\\Desktop\\Laravel\\Laravel_10_Job_Portal_Seeking\\vendor\\laravel\\framework\\src\\Illuminate\\Foundation\\Application.php(957): Illuminate\\Container\\Container->resolve('blade.compiler', Array, true)
#4 C:\\Users\\ASUS\\Desktop\\Laravel\\Laravel_10_Job_Portal_Seeking\\vendor\\laravel\\framework\\src\\Illuminate\\Container\\Container.php(731): Illuminate\\Foundation\\Application->resolve('blade.compiler', Array)
#5 C:\\Users\\ASUS\\Desktop\\Laravel\\Laravel_10_Job_Portal_Seeking\\vendor\\laravel\\framework\\src\\Illuminate\\Foundation\\Application.php(942): Illuminate\\Container\\Container->make('blade.compiler', Array)
#6 C:\\Users\\ASUS\\Desktop\\Laravel\\Laravel_10_Job_Portal_Seeking\\vendor\\laravel\\framework\\src\\Illuminate\\Container\\Container.php(1454): Illuminate\\Foundation\\Application->make('blade.compiler')
#7 C:\\Users\\ASUS\\Desktop\\Laravel\\Laravel_10_Job_Portal_Seeking\\vendor\\laravel\\framework\\src\\Illuminate\\Support\\Facades\\Facade.php(237): Illuminate\\Container\\Container->offsetGet('blade.compiler')
#8 C:\\Users\\ASUS\\Desktop\\Laravel\\Laravel_10_Job_Portal_Seeking\\vendor\\laravel\\framework\\src\\Illuminate\\Support\\Facades\\Facade.php(208): Illuminate\\Support\\Facades\\Facade::resolveFacadeInstance('blade.compiler')
#9 C:\\Users\\ASUS\\Desktop\\Laravel\\Laravel_10_Job_Portal_Seeking\\vendor\\laravel\\framework\\src\\Illuminate\\Support\\Facades\\Facade.php(349): Illuminate\\Support\\Facades\\Facade::getFacadeRoot()
#10 C:\\Users\\ASUS\\Desktop\\Laravel\\Laravel_10_Job_Portal_Seeking\\vendor\\php-flasher\\flasher-laravel\\FlasherServiceProvider.php(284): Illuminate\\Support\\Facades\\Facade::__callStatic('extend', Array)
#11 C:\\Users\\ASUS\\Desktop\\Laravel\\Laravel_10_Job_Portal_Seeking\\vendor\\php-flasher\\flasher-laravel\\FlasherServiceProvider.php(59): Flasher\\Laravel\\FlasherServiceProvider->registerBladeDirective()
#12 C:\\Users\\ASUS\\Desktop\\Laravel\\Laravel_10_Job_Portal_Seeking\\vendor\\php-flasher\\flasher-laravel\\Support\\ServiceProvider.php(42): Flasher\\Laravel\\FlasherServiceProvider->afterBoot()
#13 C:\\Users\\ASUS\\Desktop\\Laravel\\Laravel_10_Job_Portal_Seeking\\vendor\\laravel\\framework\\src\\Illuminate\\Container\\BoundMethod.php(36): Flasher\\Laravel\\Support\\ServiceProvider->boot()
#14 C:\\Users\\ASUS\\Desktop\\Laravel\\Laravel_10_Job_Portal_Seeking\\vendor\\laravel\\framework\\src\\Illuminate\\Container\\Util.php(41): Illuminate\\Container\\BoundMethod::Illuminate\\Container\\{closure}()
#15 C:\\Users\\ASUS\\Desktop\\Laravel\\Laravel_10_Job_Portal_Seeking\\vendor\\laravel\\framework\\src\\Illuminate\\Container\\BoundMethod.php(93): Illuminate\\Container\\Util::unwrapIfClosure(Object(Closure))
#16 C:\\Users\\ASUS\\Desktop\\Laravel\\Laravel_10_Job_Portal_Seeking\\vendor\\laravel\\framework\\src\\Illuminate\\Container\\BoundMethod.php(35): Illuminate\\Container\\BoundMethod::callBoundMethod(Object(Illuminate\\Foundation\\Application), Array, Object(Closure))
#17 C:\\Users\\ASUS\\Desktop\\Laravel\\Laravel_10_Job_Portal_Seeking\\vendor\\laravel\\framework\\src\\Illuminate\\Container\\Container.php(662): Illuminate\\Container\\BoundMethod::call(Object(Illuminate\\Foundation\\Application), Array, Array, NULL)
#18 C:\\Users\\ASUS\\Desktop\\Laravel\\Laravel_10_Job_Portal_Seeking\\vendor\\laravel\\framework\\src\\Illuminate\\Foundation\\Application.php(1030): Illuminate\\Container\\Container->call(Array)
#19 C:\\Users\\ASUS\\Desktop\\Laravel\\Laravel_10_Job_Portal_Seeking\\vendor\\laravel\\framework\\src\\Illuminate\\Foundation\\Application.php(1011): Illuminate\\Foundation\\Application->bootProvider(Object(Flasher\\Laravel\\FlasherServiceProvider))
#20 [internal function]: Illuminate\\Foundation\\Application->Illuminate\\Foundation\\{closure}(Object(Flasher\\Laravel\\FlasherServiceProvider), 24)
#21 C:\\Users\\ASUS\\Desktop\\Laravel\\Laravel_10_Job_Portal_Seeking\\vendor\\laravel\\framework\\src\\Illuminate\\Foundation\\Application.php(1010): array_walk(Array, Object(Closure))
#22 C:\\Users\\ASUS\\Desktop\\Laravel\\Laravel_10_Job_Portal_Seeking\\vendor\\laravel\\framework\\src\\Illuminate\\Foundation\\Bootstrap\\BootProviders.php(17): Illuminate\\Foundation\\Application->boot()
#23 C:\\Users\\ASUS\\Desktop\\Laravel\\Laravel_10_Job_Portal_Seeking\\vendor\\laravel\\framework\\src\\Illuminate\\Foundation\\Application.php(263): Illuminate\\Foundation\\Bootstrap\\BootProviders->bootstrap(Object(Illuminate\\Foundation\\Application))
#24 C:\\Users\\ASUS\\Desktop\\Laravel\\Laravel_10_Job_Portal_Seeking\\vendor\\laravel\\framework\\src\\Illuminate\\Foundation\\Console\\Kernel.php(447): Illuminate\\Foundation\\Application->bootstrapWith(Array)
#25 C:\\Users\\ASUS\\Desktop\\Laravel\\Laravel_10_Job_Portal_Seeking\\vendor\\laravel\\framework\\src\\Illuminate\\Foundation\\Console\\Kernel.php(199): Illuminate\\Foundation\\Console\\Kernel->bootstrap()
#26 Command line code(1): Illuminate\\Foundation\\Console\\Kernel->handle(Object(Symfony\\Component\\Console\\Input\\ArgvInput), Object(Symfony\\Component\\Console\\Output\\ConsoleOutput))
#27 {main}
"} 
[2024-06-21 03:53:36] local.ERROR: Please provide a valid cache path. {"exception":"[object] (InvalidArgumentException(code: 0): Please provide a valid cache path. at C:\\Users\\ASUS\\Desktop\\Laravel\\Laravel_10_Job_Portal_Seeking\\vendor\\laravel\\framework\\src\\Illuminate\\View\\Compilers\\Compiler.php:67)
[stacktrace]
#0 C:\\Users\\ASUS\\Desktop\\Laravel\\Laravel_10_Job_Portal_Seeking\\vendor\\laravel\\framework\\src\\Illuminate\\View\\ViewServiceProvider.php(96): Illuminate\\View\\Compilers\\Compiler->__construct(Object(Illuminate\\Filesystem\\Filesystem), false, '', true, 'php')
#1 C:\\Users\\ASUS\\Desktop\\Laravel\\Laravel_10_Job_Portal_Seeking\\vendor\\laravel\\framework\\src\\Illuminate\\Container\\Container.php(908): Illuminate\\View\\ViewServiceProvider->Illuminate\\View\\{closure}(Object(Illuminate\\Foundation\\Application), Array)
#2 C:\\Users\\ASUS\\Desktop\\Laravel\\Laravel_10_Job_Portal_Seeking\\vendor\\laravel\\framework\\src\\Illuminate\\Container\\Container.php(795): Illuminate\\Container\\Container->build(Object(Closure))
#3 C:\\Users\\ASUS\\Desktop\\Laravel\\Laravel_10_Job_Portal_Seeking\\vendor\\laravel\\framework\\src\\Illuminate\\Foundation\\Application.php(957): Illuminate\\Container\\Container->resolve('blade.compiler', Array, true)
#4 C:\\Users\\ASUS\\Desktop\\Laravel\\Laravel_10_Job_Portal_Seeking\\vendor\\laravel\\framework\\src\\Illuminate\\Container\\Container.php(731): Illuminate\\Foundation\\Application->resolve('blade.compiler', Array)
#5 C:\\Users\\ASUS\\Desktop\\Laravel\\Laravel_10_Job_Portal_Seeking\\vendor\\laravel\\framework\\src\\Illuminate\\Foundation\\Application.php(942): Illuminate\\Container\\Container->make('blade.compiler', Array)
#6 C:\\Users\\ASUS\\Desktop\\Laravel\\Laravel_10_Job_Portal_Seeking\\vendor\\laravel\\framework\\src\\Illuminate\\Container\\Container.php(1454): Illuminate\\Foundation\\Application->make('blade.compiler')
#7 C:\\Users\\ASUS\\Desktop\\Laravel\\Laravel_10_Job_Portal_Seeking\\vendor\\laravel\\framework\\src\\Illuminate\\Support\\Facades\\Facade.php(237): Illuminate\\Container\\Container->offsetGet('blade.compiler')
#8 C:\\Users\\ASUS\\Desktop\\Laravel\\Laravel_10_Job_Portal_Seeking\\vendor\\laravel\\framework\\src\\Illuminate\\Support\\Facades\\Facade.php(208): Illuminate\\Support\\Facades\\Facade::resolveFacadeInstance('blade.compiler')
#9 C:\\Users\\ASUS\\Desktop\\Laravel\\Laravel_10_Job_Portal_Seeking\\vendor\\laravel\\framework\\src\\Illuminate\\Support\\Facades\\Facade.php(349): Illuminate\\Support\\Facades\\Facade::getFacadeRoot()
#10 C:\\Users\\ASUS\\Desktop\\Laravel\\Laravel_10_Job_Portal_Seeking\\vendor\\php-flasher\\flasher-laravel\\FlasherServiceProvider.php(284): Illuminate\\Support\\Facades\\Facade::__callStatic('extend', Array)
#11 C:\\Users\\ASUS\\Desktop\\Laravel\\Laravel_10_Job_Portal_Seeking\\vendor\\php-flasher\\flasher-laravel\\FlasherServiceProvider.php(59): Flasher\\Laravel\\FlasherServiceProvider->registerBladeDirective()
#12 C:\\Users\\ASUS\\Desktop\\Laravel\\Laravel_10_Job_Portal_Seeking\\vendor\\php-flasher\\flasher-laravel\\Support\\ServiceProvider.php(42): Flasher\\Laravel\\FlasherServiceProvider->afterBoot()
#13 C:\\Users\\ASUS\\Desktop\\Laravel\\Laravel_10_Job_Portal_Seeking\\vendor\\laravel\\framework\\src\\Illuminate\\Container\\BoundMethod.php(36): Flasher\\Laravel\\Support\\ServiceProvider->boot()
#14 C:\\Users\\ASUS\\Desktop\\Laravel\\Laravel_10_Job_Portal_Seeking\\vendor\\laravel\\framework\\src\\Illuminate\\Container\\Util.php(41): Illuminate\\Container\\BoundMethod::Illuminate\\Container\\{closure}()
#15 C:\\Users\\ASUS\\Desktop\\Laravel\\Laravel_10_Job_Portal_Seeking\\vendor\\laravel\\framework\\src\\Illuminate\\Container\\BoundMethod.php(93): Illuminate\\Container\\Util::unwrapIfClosure(Object(Closure))
#16 C:\\Users\\ASUS\\Desktop\\Laravel\\Laravel_10_Job_Portal_Seeking\\vendor\\laravel\\framework\\src\\Illuminate\\Container\\BoundMethod.php(35): Illuminate\\Container\\BoundMethod::callBoundMethod(Object(Illuminate\\Foundation\\Application), Array, Object(Closure))
#17 C:\\Users\\ASUS\\Desktop\\Laravel\\Laravel_10_Job_Portal_Seeking\\vendor\\laravel\\framework\\src\\Illuminate\\Container\\Container.php(662): Illuminate\\Container\\BoundMethod::call(Object(Illuminate\\Foundation\\Application), Array, Array, NULL)
#18 C:\\Users\\ASUS\\Desktop\\Laravel\\Laravel_10_Job_Portal_Seeking\\vendor\\laravel\\framework\\src\\Illuminate\\Foundation\\Application.php(1030): Illuminate\\Container\\Container->call(Array)
#19 C:\\Users\\ASUS\\Desktop\\Laravel\\Laravel_10_Job_Portal_Seeking\\vendor\\laravel\\framework\\src\\Illuminate\\Foundation\\Application.php(1011): Illuminate\\Foundation\\Application->bootProvider(Object(Flasher\\Laravel\\FlasherServiceProvider))
#20 [internal function]: Illuminate\\Foundation\\Application->Illuminate\\Foundation\\{closure}(Object(Flasher\\Laravel\\FlasherServiceProvider), 24)
#21 C:\\Users\\ASUS\\Desktop\\Laravel\\Laravel_10_Job_Portal_Seeking\\vendor\\laravel\\framework\\src\\Illuminate\\Foundation\\Application.php(1010): array_walk(Array, Object(Closure))
#22 C:\\Users\\ASUS\\Desktop\\Laravel\\Laravel_10_Job_Portal_Seeking\\vendor\\laravel\\framework\\src\\Illuminate\\Foundation\\Bootstrap\\BootProviders.php(17): Illuminate\\Foundation\\Application->boot()
#23 C:\\Users\\ASUS\\Desktop\\Laravel\\Laravel_10_Job_Portal_Seeking\\vendor\\laravel\\framework\\src\\Illuminate\\Foundation\\Application.php(263): Illuminate\\Foundation\\Bootstrap\\BootProviders->bootstrap(Object(Illuminate\\Foundation\\Application))
#24 C:\\Users\\ASUS\\Desktop\\Laravel\\Laravel_10_Job_Portal_Seeking\\vendor\\laravel\\framework\\src\\Illuminate\\Foundation\\Console\\Kernel.php(447): Illuminate\\Foundation\\Application->bootstrapWith(Array)
#25 C:\\Users\\ASUS\\Desktop\\Laravel\\Laravel_10_Job_Portal_Seeking\\vendor\\laravel\\framework\\src\\Illuminate\\Foundation\\Console\\Kernel.php(199): Illuminate\\Foundation\\Console\\Kernel->bootstrap()
#26 Command line code(1): Illuminate\\Foundation\\Console\\Kernel->handle(Object(Symfony\\Component\\Console\\Input\\ArgvInput), Object(Symfony\\Component\\Console\\Output\\ConsoleOutput))
#27 {main}
"} 
[2024-06-21 03:53:41] local.ERROR: Please provide a valid cache path. {"exception":"[object] (InvalidArgumentException(code: 0): Please provide a valid cache path. at C:\\Users\\ASUS\\Desktop\\Laravel\\Laravel_10_Job_Portal_Seeking\\vendor\\laravel\\framework\\src\\Illuminate\\View\\Compilers\\Compiler.php:67)
[stacktrace]
#0 C:\\Users\\ASUS\\Desktop\\Laravel\\Laravel_10_Job_Portal_Seeking\\vendor\\laravel\\framework\\src\\Illuminate\\View\\ViewServiceProvider.php(96): Illuminate\\View\\Compilers\\Compiler->__construct(Object(Illuminate\\Filesystem\\Filesystem), false, '', true, 'php')
#1 C:\\Users\\ASUS\\Desktop\\Laravel\\Laravel_10_Job_Portal_Seeking\\vendor\\laravel\\framework\\src\\Illuminate\\Container\\Container.php(908): Illuminate\\View\\ViewServiceProvider->Illuminate\\View\\{closure}(Object(Illuminate\\Foundation\\Application), Array)
#2 C:\\Users\\ASUS\\Desktop\\Laravel\\Laravel_10_Job_Portal_Seeking\\vendor\\laravel\\framework\\src\\Illuminate\\Container\\Container.php(795): Illuminate\\Container\\Container->build(Object(Closure))
#3 C:\\Users\\ASUS\\Desktop\\Laravel\\Laravel_10_Job_Portal_Seeking\\vendor\\laravel\\framework\\src\\Illuminate\\Foundation\\Application.php(957): Illuminate\\Container\\Container->resolve('blade.compiler', Array, true)
#4 C:\\Users\\ASUS\\Desktop\\Laravel\\Laravel_10_Job_Portal_Seeking\\vendor\\laravel\\framework\\src\\Illuminate\\Container\\Container.php(731): Illuminate\\Foundation\\Application->resolve('blade.compiler', Array)
#5 C:\\Users\\ASUS\\Desktop\\Laravel\\Laravel_10_Job_Portal_Seeking\\vendor\\laravel\\framework\\src\\Illuminate\\Foundation\\Application.php(942): Illuminate\\Container\\Container->make('blade.compiler', Array)
#6 C:\\Users\\ASUS\\Desktop\\Laravel\\Laravel_10_Job_Portal_Seeking\\vendor\\laravel\\framework\\src\\Illuminate\\Container\\Container.php(1454): Illuminate\\Foundation\\Application->make('blade.compiler')
#7 C:\\Users\\ASUS\\Desktop\\Laravel\\Laravel_10_Job_Portal_Seeking\\vendor\\laravel\\framework\\src\\Illuminate\\Support\\Facades\\Facade.php(237): Illuminate\\Container\\Container->offsetGet('blade.compiler')
#8 C:\\Users\\ASUS\\Desktop\\Laravel\\Laravel_10_Job_Portal_Seeking\\vendor\\laravel\\framework\\src\\Illuminate\\Support\\Facades\\Facade.php(208): Illuminate\\Support\\Facades\\Facade::resolveFacadeInstance('blade.compiler')
#9 C:\\Users\\ASUS\\Desktop\\Laravel\\Laravel_10_Job_Portal_Seeking\\vendor\\laravel\\framework\\src\\Illuminate\\Support\\Facades\\Facade.php(349): Illuminate\\Support\\Facades\\Facade::getFacadeRoot()
#10 C:\\Users\\ASUS\\Desktop\\Laravel\\Laravel_10_Job_Portal_Seeking\\vendor\\php-flasher\\flasher-laravel\\FlasherServiceProvider.php(284): Illuminate\\Support\\Facades\\Facade::__callStatic('extend', Array)
#11 C:\\Users\\ASUS\\Desktop\\Laravel\\Laravel_10_Job_Portal_Seeking\\vendor\\php-flasher\\flasher-laravel\\FlasherServiceProvider.php(59): Flasher\\Laravel\\FlasherServiceProvider->registerBladeDirective()
#12 C:\\Users\\ASUS\\Desktop\\Laravel\\Laravel_10_Job_Portal_Seeking\\vendor\\php-flasher\\flasher-laravel\\Support\\ServiceProvider.php(42): Flasher\\Laravel\\FlasherServiceProvider->afterBoot()
#13 C:\\Users\\ASUS\\Desktop\\Laravel\\Laravel_10_Job_Portal_Seeking\\vendor\\laravel\\framework\\src\\Illuminate\\Container\\BoundMethod.php(36): Flasher\\Laravel\\Support\\ServiceProvider->boot()
#14 C:\\Users\\ASUS\\Desktop\\Laravel\\Laravel_10_Job_Portal_Seeking\\vendor\\laravel\\framework\\src\\Illuminate\\Container\\Util.php(41): Illuminate\\Container\\BoundMethod::Illuminate\\Container\\{closure}()
#15 C:\\Users\\ASUS\\Desktop\\Laravel\\Laravel_10_Job_Portal_Seeking\\vendor\\laravel\\framework\\src\\Illuminate\\Container\\BoundMethod.php(93): Illuminate\\Container\\Util::unwrapIfClosure(Object(Closure))
#16 C:\\Users\\ASUS\\Desktop\\Laravel\\Laravel_10_Job_Portal_Seeking\\vendor\\laravel\\framework\\src\\Illuminate\\Container\\BoundMethod.php(35): Illuminate\\Container\\BoundMethod::callBoundMethod(Object(Illuminate\\Foundation\\Application), Array, Object(Closure))
#17 C:\\Users\\ASUS\\Desktop\\Laravel\\Laravel_10_Job_Portal_Seeking\\vendor\\laravel\\framework\\src\\Illuminate\\Container\\Container.php(662): Illuminate\\Container\\BoundMethod::call(Object(Illuminate\\Foundation\\Application), Array, Array, NULL)
#18 C:\\Users\\ASUS\\Desktop\\Laravel\\Laravel_10_Job_Portal_Seeking\\vendor\\laravel\\framework\\src\\Illuminate\\Foundation\\Application.php(1030): Illuminate\\Container\\Container->call(Array)
#19 C:\\Users\\ASUS\\Desktop\\Laravel\\Laravel_10_Job_Portal_Seeking\\vendor\\laravel\\framework\\src\\Illuminate\\Foundation\\Application.php(1011): Illuminate\\Foundation\\Application->bootProvider(Object(Flasher\\Laravel\\FlasherServiceProvider))
#20 [internal function]: Illuminate\\Foundation\\Application->Illuminate\\Foundation\\{closure}(Object(Flasher\\Laravel\\FlasherServiceProvider), 25)
#21 C:\\Users\\ASUS\\Desktop\\Laravel\\Laravel_10_Job_Portal_Seeking\\vendor\\laravel\\framework\\src\\Illuminate\\Foundation\\Application.php(1010): array_walk(Array, Object(Closure))
#22 C:\\Users\\ASUS\\Desktop\\Laravel\\Laravel_10_Job_Portal_Seeking\\vendor\\laravel\\framework\\src\\Illuminate\\Foundation\\Bootstrap\\BootProviders.php(17): Illuminate\\Foundation\\Application->boot()
#23 C:\\Users\\ASUS\\Desktop\\Laravel\\Laravel_10_Job_Portal_Seeking\\vendor\\laravel\\framework\\src\\Illuminate\\Foundation\\Application.php(263): Illuminate\\Foundation\\Bootstrap\\BootProviders->bootstrap(Object(Illuminate\\Foundation\\Application))
#24 C:\\Users\\ASUS\\Desktop\\Laravel\\Laravel_10_Job_Portal_Seeking\\vendor\\laravel\\framework\\src\\Illuminate\\Foundation\\Console\\Kernel.php(447): Illuminate\\Foundation\\Application->bootstrapWith(Array)
#25 C:\\Users\\ASUS\\Desktop\\Laravel\\Laravel_10_Job_Portal_Seeking\\vendor\\laravel\\framework\\src\\Illuminate\\Foundation\\Console\\Kernel.php(199): Illuminate\\Foundation\\Console\\Kernel->bootstrap()
#26 Command line code(1): Illuminate\\Foundation\\Console\\Kernel->handle(Object(Symfony\\Component\\Console\\Input\\ArgvInput), Object(Symfony\\Component\\Console\\Output\\ConsoleOutput))
#27 {main}
"} 
[2024-06-21 03:53:41] local.ERROR: Please provide a valid cache path. {"exception":"[object] (InvalidArgumentException(code: 0): Please provide a valid cache path. at C:\\Users\\ASUS\\Desktop\\Laravel\\Laravel_10_Job_Portal_Seeking\\vendor\\laravel\\framework\\src\\Illuminate\\View\\Compilers\\Compiler.php:67)
[stacktrace]
#0 C:\\Users\\ASUS\\Desktop\\Laravel\\Laravel_10_Job_Portal_Seeking\\vendor\\laravel\\framework\\src\\Illuminate\\View\\ViewServiceProvider.php(96): Illuminate\\View\\Compilers\\Compiler->__construct(Object(Illuminate\\Filesystem\\Filesystem), false, '', true, 'php')
#1 C:\\Users\\ASUS\\Desktop\\Laravel\\Laravel_10_Job_Portal_Seeking\\vendor\\laravel\\framework\\src\\Illuminate\\Container\\Container.php(908): Illuminate\\View\\ViewServiceProvider->Illuminate\\View\\{closure}(Object(Illuminate\\Foundation\\Application), Array)
#2 C:\\Users\\ASUS\\Desktop\\Laravel\\Laravel_10_Job_Portal_Seeking\\vendor\\laravel\\framework\\src\\Illuminate\\Container\\Container.php(795): Illuminate\\Container\\Container->build(Object(Closure))
#3 C:\\Users\\ASUS\\Desktop\\Laravel\\Laravel_10_Job_Portal_Seeking\\vendor\\laravel\\framework\\src\\Illuminate\\Foundation\\Application.php(957): Illuminate\\Container\\Container->resolve('blade.compiler', Array, true)
#4 C:\\Users\\ASUS\\Desktop\\Laravel\\Laravel_10_Job_Portal_Seeking\\vendor\\laravel\\framework\\src\\Illuminate\\Container\\Container.php(731): Illuminate\\Foundation\\Application->resolve('blade.compiler', Array)
#5 C:\\Users\\ASUS\\Desktop\\Laravel\\Laravel_10_Job_Portal_Seeking\\vendor\\laravel\\framework\\src\\Illuminate\\Foundation\\Application.php(942): Illuminate\\Container\\Container->make('blade.compiler', Array)
#6 C:\\Users\\ASUS\\Desktop\\Laravel\\Laravel_10_Job_Portal_Seeking\\vendor\\laravel\\framework\\src\\Illuminate\\Container\\Container.php(1454): Illuminate\\Foundation\\Application->make('blade.compiler')
#7 C:\\Users\\ASUS\\Desktop\\Laravel\\Laravel_10_Job_Portal_Seeking\\vendor\\laravel\\framework\\src\\Illuminate\\Support\\Facades\\Facade.php(237): Illuminate\\Container\\Container->offsetGet('blade.compiler')
#8 C:\\Users\\ASUS\\Desktop\\Laravel\\Laravel_10_Job_Portal_Seeking\\vendor\\laravel\\framework\\src\\Illuminate\\Support\\Facades\\Facade.php(208): Illuminate\\Support\\Facades\\Facade::resolveFacadeInstance('blade.compiler')
#9 C:\\Users\\ASUS\\Desktop\\Laravel\\Laravel_10_Job_Portal_Seeking\\vendor\\laravel\\framework\\src\\Illuminate\\Support\\Facades\\Facade.php(349): Illuminate\\Support\\Facades\\Facade::getFacadeRoot()
#10 C:\\Users\\ASUS\\Desktop\\Laravel\\Laravel_10_Job_Portal_Seeking\\vendor\\php-flasher\\flasher-laravel\\FlasherServiceProvider.php(284): Illuminate\\Support\\Facades\\Facade::__callStatic('extend', Array)
#11 C:\\Users\\ASUS\\Desktop\\Laravel\\Laravel_10_Job_Portal_Seeking\\vendor\\php-flasher\\flasher-laravel\\FlasherServiceProvider.php(59): Flasher\\Laravel\\FlasherServiceProvider->registerBladeDirective()
#12 C:\\Users\\ASUS\\Desktop\\Laravel\\Laravel_10_Job_Portal_Seeking\\vendor\\php-flasher\\flasher-laravel\\Support\\ServiceProvider.php(42): Flasher\\Laravel\\FlasherServiceProvider->afterBoot()
#13 C:\\Users\\ASUS\\Desktop\\Laravel\\Laravel_10_Job_Portal_Seeking\\vendor\\laravel\\framework\\src\\Illuminate\\Container\\BoundMethod.php(36): Flasher\\Laravel\\Support\\ServiceProvider->boot()
#14 C:\\Users\\ASUS\\Desktop\\Laravel\\Laravel_10_Job_Portal_Seeking\\vendor\\laravel\\framework\\src\\Illuminate\\Container\\Util.php(41): Illuminate\\Container\\BoundMethod::Illuminate\\Container\\{closure}()
#15 C:\\Users\\ASUS\\Desktop\\Laravel\\Laravel_10_Job_Portal_Seeking\\vendor\\laravel\\framework\\src\\Illuminate\\Container\\BoundMethod.php(93): Illuminate\\Container\\Util::unwrapIfClosure(Object(Closure))
#16 C:\\Users\\ASUS\\Desktop\\Laravel\\Laravel_10_Job_Portal_Seeking\\vendor\\laravel\\framework\\src\\Illuminate\\Container\\BoundMethod.php(35): Illuminate\\Container\\BoundMethod::callBoundMethod(Object(Illuminate\\Foundation\\Application), Array, Object(Closure))
#17 C:\\Users\\ASUS\\Desktop\\Laravel\\Laravel_10_Job_Portal_Seeking\\vendor\\laravel\\framework\\src\\Illuminate\\Container\\Container.php(662): Illuminate\\Container\\BoundMethod::call(Object(Illuminate\\Foundation\\Application), Array, Array, NULL)
#18 C:\\Users\\ASUS\\Desktop\\Laravel\\Laravel_10_Job_Portal_Seeking\\vendor\\laravel\\framework\\src\\Illuminate\\Foundation\\Application.php(1030): Illuminate\\Container\\Container->call(Array)
#19 C:\\Users\\ASUS\\Desktop\\Laravel\\Laravel_10_Job_Portal_Seeking\\vendor\\laravel\\framework\\src\\Illuminate\\Foundation\\Application.php(1011): Illuminate\\Foundation\\Application->bootProvider(Object(Flasher\\Laravel\\FlasherServiceProvider))
#20 [internal function]: Illuminate\\Foundation\\Application->Illuminate\\Foundation\\{closure}(Object(Flasher\\Laravel\\FlasherServiceProvider), 24)
#21 C:\\Users\\ASUS\\Desktop\\Laravel\\Laravel_10_Job_Portal_Seeking\\vendor\\laravel\\framework\\src\\Illuminate\\Foundation\\Application.php(1010): array_walk(Array, Object(Closure))
#22 C:\\Users\\ASUS\\Desktop\\Laravel\\Laravel_10_Job_Portal_Seeking\\vendor\\laravel\\framework\\src\\Illuminate\\Foundation\\Bootstrap\\BootProviders.php(17): Illuminate\\Foundation\\Application->boot()
#23 C:\\Users\\ASUS\\Desktop\\Laravel\\Laravel_10_Job_Portal_Seeking\\vendor\\laravel\\framework\\src\\Illuminate\\Foundation\\Application.php(263): Illuminate\\Foundation\\Bootstrap\\BootProviders->bootstrap(Object(Illuminate\\Foundation\\Application))
#24 C:\\Users\\ASUS\\Desktop\\Laravel\\Laravel_10_Job_Portal_Seeking\\vendor\\laravel\\framework\\src\\Illuminate\\Foundation\\Console\\Kernel.php(447): Illuminate\\Foundation\\Application->bootstrapWith(Array)
#25 C:\\Users\\ASUS\\Desktop\\Laravel\\Laravel_10_Job_Portal_Seeking\\vendor\\laravel\\framework\\src\\Illuminate\\Foundation\\Console\\Kernel.php(199): Illuminate\\Foundation\\Console\\Kernel->bootstrap()
#26 Command line code(1): Illuminate\\Foundation\\Console\\Kernel->handle(Object(Symfony\\Component\\Console\\Input\\ArgvInput), Object(Symfony\\Component\\Console\\Output\\ConsoleOutput))
#27 {main}
"} 
[2024-06-21 03:53:45] local.ERROR: Please provide a valid cache path. {"exception":"[object] (InvalidArgumentException(code: 0): Please provide a valid cache path. at C:\\Users\\ASUS\\Desktop\\Laravel\\Laravel_10_Job_Portal_Seeking\\vendor\\laravel\\framework\\src\\Illuminate\\View\\Compilers\\Compiler.php:67)
[stacktrace]
#0 C:\\Users\\ASUS\\Desktop\\Laravel\\Laravel_10_Job_Portal_Seeking\\vendor\\laravel\\framework\\src\\Illuminate\\View\\ViewServiceProvider.php(96): Illuminate\\View\\Compilers\\Compiler->__construct(Object(Illuminate\\Filesystem\\Filesystem), false, '', true, 'php')
#1 C:\\Users\\ASUS\\Desktop\\Laravel\\Laravel_10_Job_Portal_Seeking\\vendor\\laravel\\framework\\src\\Illuminate\\Container\\Container.php(908): Illuminate\\View\\ViewServiceProvider->Illuminate\\View\\{closure}(Object(Illuminate\\Foundation\\Application), Array)
#2 C:\\Users\\ASUS\\Desktop\\Laravel\\Laravel_10_Job_Portal_Seeking\\vendor\\laravel\\framework\\src\\Illuminate\\Container\\Container.php(795): Illuminate\\Container\\Container->build(Object(Closure))
#3 C:\\Users\\ASUS\\Desktop\\Laravel\\Laravel_10_Job_Portal_Seeking\\vendor\\laravel\\framework\\src\\Illuminate\\Foundation\\Application.php(957): Illuminate\\Container\\Container->resolve('blade.compiler', Array, true)
#4 C:\\Users\\ASUS\\Desktop\\Laravel\\Laravel_10_Job_Portal_Seeking\\vendor\\laravel\\framework\\src\\Illuminate\\Container\\Container.php(731): Illuminate\\Foundation\\Application->resolve('blade.compiler', Array)
#5 C:\\Users\\ASUS\\Desktop\\Laravel\\Laravel_10_Job_Portal_Seeking\\vendor\\laravel\\framework\\src\\Illuminate\\Foundation\\Application.php(942): Illuminate\\Container\\Container->make('blade.compiler', Array)
#6 C:\\Users\\ASUS\\Desktop\\Laravel\\Laravel_10_Job_Portal_Seeking\\vendor\\laravel\\framework\\src\\Illuminate\\Container\\Container.php(1454): Illuminate\\Foundation\\Application->make('blade.compiler')
#7 C:\\Users\\ASUS\\Desktop\\Laravel\\Laravel_10_Job_Portal_Seeking\\vendor\\laravel\\framework\\src\\Illuminate\\Support\\Facades\\Facade.php(237): Illuminate\\Container\\Container->offsetGet('blade.compiler')
#8 C:\\Users\\ASUS\\Desktop\\Laravel\\Laravel_10_Job_Portal_Seeking\\vendor\\laravel\\framework\\src\\Illuminate\\Support\\Facades\\Facade.php(208): Illuminate\\Support\\Facades\\Facade::resolveFacadeInstance('blade.compiler')
#9 C:\\Users\\ASUS\\Desktop\\Laravel\\Laravel_10_Job_Portal_Seeking\\vendor\\laravel\\framework\\src\\Illuminate\\Support\\Facades\\Facade.php(349): Illuminate\\Support\\Facades\\Facade::getFacadeRoot()
#10 C:\\Users\\ASUS\\Desktop\\Laravel\\Laravel_10_Job_Portal_Seeking\\vendor\\php-flasher\\flasher-laravel\\FlasherServiceProvider.php(284): Illuminate\\Support\\Facades\\Facade::__callStatic('extend', Array)
#11 C:\\Users\\ASUS\\Desktop\\Laravel\\Laravel_10_Job_Portal_Seeking\\vendor\\php-flasher\\flasher-laravel\\FlasherServiceProvider.php(59): Flasher\\Laravel\\FlasherServiceProvider->registerBladeDirective()
#12 C:\\Users\\ASUS\\Desktop\\Laravel\\Laravel_10_Job_Portal_Seeking\\vendor\\php-flasher\\flasher-laravel\\Support\\ServiceProvider.php(42): Flasher\\Laravel\\FlasherServiceProvider->afterBoot()
#13 C:\\Users\\ASUS\\Desktop\\Laravel\\Laravel_10_Job_Portal_Seeking\\vendor\\laravel\\framework\\src\\Illuminate\\Container\\BoundMethod.php(36): Flasher\\Laravel\\Support\\ServiceProvider->boot()
#14 C:\\Users\\ASUS\\Desktop\\Laravel\\Laravel_10_Job_Portal_Seeking\\vendor\\laravel\\framework\\src\\Illuminate\\Container\\Util.php(41): Illuminate\\Container\\BoundMethod::Illuminate\\Container\\{closure}()
#15 C:\\Users\\ASUS\\Desktop\\Laravel\\Laravel_10_Job_Portal_Seeking\\vendor\\laravel\\framework\\src\\Illuminate\\Container\\BoundMethod.php(93): Illuminate\\Container\\Util::unwrapIfClosure(Object(Closure))
#16 C:\\Users\\ASUS\\Desktop\\Laravel\\Laravel_10_Job_Portal_Seeking\\vendor\\laravel\\framework\\src\\Illuminate\\Container\\BoundMethod.php(35): Illuminate\\Container\\BoundMethod::callBoundMethod(Object(Illuminate\\Foundation\\Application), Array, Object(Closure))
#17 C:\\Users\\ASUS\\Desktop\\Laravel\\Laravel_10_Job_Portal_Seeking\\vendor\\laravel\\framework\\src\\Illuminate\\Container\\Container.php(662): Illuminate\\Container\\BoundMethod::call(Object(Illuminate\\Foundation\\Application), Array, Array, NULL)
#18 C:\\Users\\ASUS\\Desktop\\Laravel\\Laravel_10_Job_Portal_Seeking\\vendor\\laravel\\framework\\src\\Illuminate\\Foundation\\Application.php(1030): Illuminate\\Container\\Container->call(Array)
#19 C:\\Users\\ASUS\\Desktop\\Laravel\\Laravel_10_Job_Portal_Seeking\\vendor\\laravel\\framework\\src\\Illuminate\\Foundation\\Application.php(1011): Illuminate\\Foundation\\Application->bootProvider(Object(Flasher\\Laravel\\FlasherServiceProvider))
#20 [internal function]: Illuminate\\Foundation\\Application->Illuminate\\Foundation\\{closure}(Object(Flasher\\Laravel\\FlasherServiceProvider), 24)
#21 C:\\Users\\ASUS\\Desktop\\Laravel\\Laravel_10_Job_Portal_Seeking\\vendor\\laravel\\framework\\src\\Illuminate\\Foundation\\Application.php(1010): array_walk(Array, Object(Closure))
#22 C:\\Users\\ASUS\\Desktop\\Laravel\\Laravel_10_Job_Portal_Seeking\\vendor\\laravel\\framework\\src\\Illuminate\\Foundation\\Bootstrap\\BootProviders.php(17): Illuminate\\Foundation\\Application->boot()
#23 C:\\Users\\ASUS\\Desktop\\Laravel\\Laravel_10_Job_Portal_Seeking\\vendor\\laravel\\framework\\src\\Illuminate\\Foundation\\Application.php(263): Illuminate\\Foundation\\Bootstrap\\BootProviders->bootstrap(Object(Illuminate\\Foundation\\Application))
#24 C:\\Users\\ASUS\\Desktop\\Laravel\\Laravel_10_Job_Portal_Seeking\\vendor\\laravel\\framework\\src\\Illuminate\\Foundation\\Console\\Kernel.php(447): Illuminate\\Foundation\\Application->bootstrapWith(Array)
#25 C:\\Users\\ASUS\\Desktop\\Laravel\\Laravel_10_Job_Portal_Seeking\\vendor\\laravel\\framework\\src\\Illuminate\\Foundation\\Console\\Kernel.php(199): Illuminate\\Foundation\\Console\\Kernel->bootstrap()
#26 Command line code(1): Illuminate\\Foundation\\Console\\Kernel->handle(Object(Symfony\\Component\\Console\\Input\\ArgvInput), Object(Symfony\\Component\\Console\\Output\\ConsoleOutput))
#27 {main}
"} 
[2024-06-21 03:53:48] local.ERROR: Please provide a valid cache path. {"exception":"[object] (InvalidArgumentException(code: 0): Please provide a valid cache path. at C:\\Users\\ASUS\\Desktop\\Laravel\\Laravel_10_Job_Portal_Seeking\\vendor\\laravel\\framework\\src\\Illuminate\\View\\Compilers\\Compiler.php:67)
[stacktrace]
#0 C:\\Users\\ASUS\\Desktop\\Laravel\\Laravel_10_Job_Portal_Seeking\\vendor\\laravel\\framework\\src\\Illuminate\\View\\ViewServiceProvider.php(96): Illuminate\\View\\Compilers\\Compiler->__construct(Object(Illuminate\\Filesystem\\Filesystem), false, '', true, 'php')
#1 C:\\Users\\ASUS\\Desktop\\Laravel\\Laravel_10_Job_Portal_Seeking\\vendor\\laravel\\framework\\src\\Illuminate\\Container\\Container.php(908): Illuminate\\View\\ViewServiceProvider->Illuminate\\View\\{closure}(Object(Illuminate\\Foundation\\Application), Array)
#2 C:\\Users\\ASUS\\Desktop\\Laravel\\Laravel_10_Job_Portal_Seeking\\vendor\\laravel\\framework\\src\\Illuminate\\Container\\Container.php(795): Illuminate\\Container\\Container->build(Object(Closure))
#3 C:\\Users\\ASUS\\Desktop\\Laravel\\Laravel_10_Job_Portal_Seeking\\vendor\\laravel\\framework\\src\\Illuminate\\Foundation\\Application.php(957): Illuminate\\Container\\Container->resolve('blade.compiler', Array, true)
#4 C:\\Users\\ASUS\\Desktop\\Laravel\\Laravel_10_Job_Portal_Seeking\\vendor\\laravel\\framework\\src\\Illuminate\\Container\\Container.php(731): Illuminate\\Foundation\\Application->resolve('blade.compiler', Array)
#5 C:\\Users\\ASUS\\Desktop\\Laravel\\Laravel_10_Job_Portal_Seeking\\vendor\\laravel\\framework\\src\\Illuminate\\Foundation\\Application.php(942): Illuminate\\Container\\Container->make('blade.compiler', Array)
#6 C:\\Users\\ASUS\\Desktop\\Laravel\\Laravel_10_Job_Portal_Seeking\\vendor\\laravel\\framework\\src\\Illuminate\\Container\\Container.php(1454): Illuminate\\Foundation\\Application->make('blade.compiler')
#7 C:\\Users\\ASUS\\Desktop\\Laravel\\Laravel_10_Job_Portal_Seeking\\vendor\\laravel\\framework\\src\\Illuminate\\Support\\Facades\\Facade.php(237): Illuminate\\Container\\Container->offsetGet('blade.compiler')
#8 C:\\Users\\ASUS\\Desktop\\Laravel\\Laravel_10_Job_Portal_Seeking\\vendor\\laravel\\framework\\src\\Illuminate\\Support\\Facades\\Facade.php(208): Illuminate\\Support\\Facades\\Facade::resolveFacadeInstance('blade.compiler')
#9 C:\\Users\\ASUS\\Desktop\\Laravel\\Laravel_10_Job_Portal_Seeking\\vendor\\laravel\\framework\\src\\Illuminate\\Support\\Facades\\Facade.php(349): Illuminate\\Support\\Facades\\Facade::getFacadeRoot()
#10 C:\\Users\\ASUS\\Desktop\\Laravel\\Laravel_10_Job_Portal_Seeking\\vendor\\php-flasher\\flasher-laravel\\FlasherServiceProvider.php(284): Illuminate\\Support\\Facades\\Facade::__callStatic('extend', Array)
#11 C:\\Users\\ASUS\\Desktop\\Laravel\\Laravel_10_Job_Portal_Seeking\\vendor\\php-flasher\\flasher-laravel\\FlasherServiceProvider.php(59): Flasher\\Laravel\\FlasherServiceProvider->registerBladeDirective()
#12 C:\\Users\\ASUS\\Desktop\\Laravel\\Laravel_10_Job_Portal_Seeking\\vendor\\php-flasher\\flasher-laravel\\Support\\ServiceProvider.php(42): Flasher\\Laravel\\FlasherServiceProvider->afterBoot()
#13 C:\\Users\\ASUS\\Desktop\\Laravel\\Laravel_10_Job_Portal_Seeking\\vendor\\laravel\\framework\\src\\Illuminate\\Container\\BoundMethod.php(36): Flasher\\Laravel\\Support\\ServiceProvider->boot()
#14 C:\\Users\\ASUS\\Desktop\\Laravel\\Laravel_10_Job_Portal_Seeking\\vendor\\laravel\\framework\\src\\Illuminate\\Container\\Util.php(41): Illuminate\\Container\\BoundMethod::Illuminate\\Container\\{closure}()
#15 C:\\Users\\ASUS\\Desktop\\Laravel\\Laravel_10_Job_Portal_Seeking\\vendor\\laravel\\framework\\src\\Illuminate\\Container\\BoundMethod.php(93): Illuminate\\Container\\Util::unwrapIfClosure(Object(Closure))
#16 C:\\Users\\ASUS\\Desktop\\Laravel\\Laravel_10_Job_Portal_Seeking\\vendor\\laravel\\framework\\src\\Illuminate\\Container\\BoundMethod.php(35): Illuminate\\Container\\BoundMethod::callBoundMethod(Object(Illuminate\\Foundation\\Application), Array, Object(Closure))
#17 C:\\Users\\ASUS\\Desktop\\Laravel\\Laravel_10_Job_Portal_Seeking\\vendor\\laravel\\framework\\src\\Illuminate\\Container\\Container.php(662): Illuminate\\Container\\BoundMethod::call(Object(Illuminate\\Foundation\\Application), Array, Array, NULL)
#18 C:\\Users\\ASUS\\Desktop\\Laravel\\Laravel_10_Job_Portal_Seeking\\vendor\\laravel\\framework\\src\\Illuminate\\Foundation\\Application.php(1030): Illuminate\\Container\\Container->call(Array)
#19 C:\\Users\\ASUS\\Desktop\\Laravel\\Laravel_10_Job_Portal_Seeking\\vendor\\laravel\\framework\\src\\Illuminate\\Foundation\\Application.php(1011): Illuminate\\Foundation\\Application->bootProvider(Object(Flasher\\Laravel\\FlasherServiceProvider))
#20 [internal function]: Illuminate\\Foundation\\Application->Illuminate\\Foundation\\{closure}(Object(Flasher\\Laravel\\FlasherServiceProvider), 24)
#21 C:\\Users\\ASUS\\Desktop\\Laravel\\Laravel_10_Job_Portal_Seeking\\vendor\\laravel\\framework\\src\\Illuminate\\Foundation\\Application.php(1010): array_walk(Array, Object(Closure))
#22 C:\\Users\\ASUS\\Desktop\\Laravel\\Laravel_10_Job_Portal_Seeking\\vendor\\laravel\\framework\\src\\Illuminate\\Foundation\\Bootstrap\\BootProviders.php(17): Illuminate\\Foundation\\Application->boot()
#23 C:\\Users\\ASUS\\Desktop\\Laravel\\Laravel_10_Job_Portal_Seeking\\vendor\\laravel\\framework\\src\\Illuminate\\Foundation\\Application.php(263): Illuminate\\Foundation\\Bootstrap\\BootProviders->bootstrap(Object(Illuminate\\Foundation\\Application))
#24 C:\\Users\\ASUS\\Desktop\\Laravel\\Laravel_10_Job_Portal_Seeking\\vendor\\laravel\\framework\\src\\Illuminate\\Foundation\\Console\\Kernel.php(447): Illuminate\\Foundation\\Application->bootstrapWith(Array)
#25 C:\\Users\\ASUS\\Desktop\\Laravel\\Laravel_10_Job_Portal_Seeking\\vendor\\laravel\\framework\\src\\Illuminate\\Foundation\\Console\\Kernel.php(199): Illuminate\\Foundation\\Console\\Kernel->bootstrap()
#26 Command line code(1): Illuminate\\Foundation\\Console\\Kernel->handle(Object(Symfony\\Component\\Console\\Input\\ArgvInput), Object(Symfony\\Component\\Console\\Output\\ConsoleOutput))
#27 {main}
"} 
[2024-06-21 03:53:51] local.ERROR: Please provide a valid cache path. {"exception":"[object] (InvalidArgumentException(code: 0): Please provide a valid cache path. at C:\\Users\\ASUS\\Desktop\\Laravel\\Laravel_10_Job_Portal_Seeking\\vendor\\laravel\\framework\\src\\Illuminate\\View\\Compilers\\Compiler.php:67)
[stacktrace]
#0 C:\\Users\\ASUS\\Desktop\\Laravel\\Laravel_10_Job_Portal_Seeking\\vendor\\laravel\\framework\\src\\Illuminate\\View\\ViewServiceProvider.php(96): Illuminate\\View\\Compilers\\Compiler->__construct(Object(Illuminate\\Filesystem\\Filesystem), false, '', true, 'php')
#1 C:\\Users\\ASUS\\Desktop\\Laravel\\Laravel_10_Job_Portal_Seeking\\vendor\\laravel\\framework\\src\\Illuminate\\Container\\Container.php(908): Illuminate\\View\\ViewServiceProvider->Illuminate\\View\\{closure}(Object(Illuminate\\Foundation\\Application), Array)
#2 C:\\Users\\ASUS\\Desktop\\Laravel\\Laravel_10_Job_Portal_Seeking\\vendor\\laravel\\framework\\src\\Illuminate\\Container\\Container.php(795): Illuminate\\Container\\Container->build(Object(Closure))
#3 C:\\Users\\ASUS\\Desktop\\Laravel\\Laravel_10_Job_Portal_Seeking\\vendor\\laravel\\framework\\src\\Illuminate\\Foundation\\Application.php(957): Illuminate\\Container\\Container->resolve('blade.compiler', Array, true)
#4 C:\\Users\\ASUS\\Desktop\\Laravel\\Laravel_10_Job_Portal_Seeking\\vendor\\laravel\\framework\\src\\Illuminate\\Container\\Container.php(731): Illuminate\\Foundation\\Application->resolve('blade.compiler', Array)
#5 C:\\Users\\ASUS\\Desktop\\Laravel\\Laravel_10_Job_Portal_Seeking\\vendor\\laravel\\framework\\src\\Illuminate\\Foundation\\Application.php(942): Illuminate\\Container\\Container->make('blade.compiler', Array)
#6 C:\\Users\\ASUS\\Desktop\\Laravel\\Laravel_10_Job_Portal_Seeking\\vendor\\laravel\\framework\\src\\Illuminate\\Container\\Container.php(1454): Illuminate\\Foundation\\Application->make('blade.compiler')
#7 C:\\Users\\ASUS\\Desktop\\Laravel\\Laravel_10_Job_Portal_Seeking\\vendor\\laravel\\framework\\src\\Illuminate\\Support\\Facades\\Facade.php(237): Illuminate\\Container\\Container->offsetGet('blade.compiler')
#8 C:\\Users\\ASUS\\Desktop\\Laravel\\Laravel_10_Job_Portal_Seeking\\vendor\\laravel\\framework\\src\\Illuminate\\Support\\Facades\\Facade.php(208): Illuminate\\Support\\Facades\\Facade::resolveFacadeInstance('blade.compiler')
#9 C:\\Users\\ASUS\\Desktop\\Laravel\\Laravel_10_Job_Portal_Seeking\\vendor\\laravel\\framework\\src\\Illuminate\\Support\\Facades\\Facade.php(349): Illuminate\\Support\\Facades\\Facade::getFacadeRoot()
#10 C:\\Users\\ASUS\\Desktop\\Laravel\\Laravel_10_Job_Portal_Seeking\\vendor\\php-flasher\\flasher-laravel\\FlasherServiceProvider.php(284): Illuminate\\Support\\Facades\\Facade::__callStatic('extend', Array)
#11 C:\\Users\\ASUS\\Desktop\\Laravel\\Laravel_10_Job_Portal_Seeking\\vendor\\php-flasher\\flasher-laravel\\FlasherServiceProvider.php(59): Flasher\\Laravel\\FlasherServiceProvider->registerBladeDirective()
#12 C:\\Users\\ASUS\\Desktop\\Laravel\\Laravel_10_Job_Portal_Seeking\\vendor\\php-flasher\\flasher-laravel\\Support\\ServiceProvider.php(42): Flasher\\Laravel\\FlasherServiceProvider->afterBoot()
#13 C:\\Users\\ASUS\\Desktop\\Laravel\\Laravel_10_Job_Portal_Seeking\\vendor\\laravel\\framework\\src\\Illuminate\\Container\\BoundMethod.php(36): Flasher\\Laravel\\Support\\ServiceProvider->boot()
#14 C:\\Users\\ASUS\\Desktop\\Laravel\\Laravel_10_Job_Portal_Seeking\\vendor\\laravel\\framework\\src\\Illuminate\\Container\\Util.php(41): Illuminate\\Container\\BoundMethod::Illuminate\\Container\\{closure}()
#15 C:\\Users\\ASUS\\Desktop\\Laravel\\Laravel_10_Job_Portal_Seeking\\vendor\\laravel\\framework\\src\\Illuminate\\Container\\BoundMethod.php(93): Illuminate\\Container\\Util::unwrapIfClosure(Object(Closure))
#16 C:\\Users\\ASUS\\Desktop\\Laravel\\Laravel_10_Job_Portal_Seeking\\vendor\\laravel\\framework\\src\\Illuminate\\Container\\BoundMethod.php(35): Illuminate\\Container\\BoundMethod::callBoundMethod(Object(Illuminate\\Foundation\\Application), Array, Object(Closure))
#17 C:\\Users\\ASUS\\Desktop\\Laravel\\Laravel_10_Job_Portal_Seeking\\vendor\\laravel\\framework\\src\\Illuminate\\Container\\Container.php(662): Illuminate\\Container\\BoundMethod::call(Object(Illuminate\\Foundation\\Application), Array, Array, NULL)
#18 C:\\Users\\ASUS\\Desktop\\Laravel\\Laravel_10_Job_Portal_Seeking\\vendor\\laravel\\framework\\src\\Illuminate\\Foundation\\Application.php(1030): Illuminate\\Container\\Container->call(Array)
#19 C:\\Users\\ASUS\\Desktop\\Laravel\\Laravel_10_Job_Portal_Seeking\\vendor\\laravel\\framework\\src\\Illuminate\\Foundation\\Application.php(1011): Illuminate\\Foundation\\Application->bootProvider(Object(Flasher\\Laravel\\FlasherServiceProvider))
#20 [internal function]: Illuminate\\Foundation\\Application->Illuminate\\Foundation\\{closure}(Object(Flasher\\Laravel\\FlasherServiceProvider), 25)
#21 C:\\Users\\ASUS\\Desktop\\Laravel\\Laravel_10_Job_Portal_Seeking\\vendor\\laravel\\framework\\src\\Illuminate\\Foundation\\Application.php(1010): array_walk(Array, Object(Closure))
#22 C:\\Users\\ASUS\\Desktop\\Laravel\\Laravel_10_Job_Portal_Seeking\\vendor\\laravel\\framework\\src\\Illuminate\\Foundation\\Bootstrap\\BootProviders.php(17): Illuminate\\Foundation\\Application->boot()
#23 C:\\Users\\ASUS\\Desktop\\Laravel\\Laravel_10_Job_Portal_Seeking\\vendor\\laravel\\framework\\src\\Illuminate\\Foundation\\Application.php(263): Illuminate\\Foundation\\Bootstrap\\BootProviders->bootstrap(Object(Illuminate\\Foundation\\Application))
#24 C:\\Users\\ASUS\\Desktop\\Laravel\\Laravel_10_Job_Portal_Seeking\\vendor\\laravel\\framework\\src\\Illuminate\\Foundation\\Console\\Kernel.php(447): Illuminate\\Foundation\\Application->bootstrapWith(Array)
#25 C:\\Users\\ASUS\\Desktop\\Laravel\\Laravel_10_Job_Portal_Seeking\\vendor\\laravel\\framework\\src\\Illuminate\\Foundation\\Console\\Kernel.php(199): Illuminate\\Foundation\\Console\\Kernel->bootstrap()
#26 Command line code(1): Illuminate\\Foundation\\Console\\Kernel->handle(Object(Symfony\\Component\\Console\\Input\\ArgvInput), Object(Symfony\\Component\\Console\\Output\\ConsoleOutput))
#27 {main}
"} 
[2024-06-21 03:53:51] local.ERROR: Please provide a valid cache path. {"exception":"[object] (InvalidArgumentException(code: 0): Please provide a valid cache path. at C:\\Users\\ASUS\\Desktop\\Laravel\\Laravel_10_Job_Portal_Seeking\\vendor\\laravel\\framework\\src\\Illuminate\\View\\Compilers\\Compiler.php:67)
[stacktrace]
#0 C:\\Users\\ASUS\\Desktop\\Laravel\\Laravel_10_Job_Portal_Seeking\\vendor\\laravel\\framework\\src\\Illuminate\\View\\ViewServiceProvider.php(96): Illuminate\\View\\Compilers\\Compiler->__construct(Object(Illuminate\\Filesystem\\Filesystem), false, '', true, 'php')
#1 C:\\Users\\ASUS\\Desktop\\Laravel\\Laravel_10_Job_Portal_Seeking\\vendor\\laravel\\framework\\src\\Illuminate\\Container\\Container.php(908): Illuminate\\View\\ViewServiceProvider->Illuminate\\View\\{closure}(Object(Illuminate\\Foundation\\Application), Array)
#2 C:\\Users\\ASUS\\Desktop\\Laravel\\Laravel_10_Job_Portal_Seeking\\vendor\\laravel\\framework\\src\\Illuminate\\Container\\Container.php(795): Illuminate\\Container\\Container->build(Object(Closure))
#3 C:\\Users\\ASUS\\Desktop\\Laravel\\Laravel_10_Job_Portal_Seeking\\vendor\\laravel\\framework\\src\\Illuminate\\Foundation\\Application.php(957): Illuminate\\Container\\Container->resolve('blade.compiler', Array, true)
#4 C:\\Users\\ASUS\\Desktop\\Laravel\\Laravel_10_Job_Portal_Seeking\\vendor\\laravel\\framework\\src\\Illuminate\\Container\\Container.php(731): Illuminate\\Foundation\\Application->resolve('blade.compiler', Array)
#5 C:\\Users\\ASUS\\Desktop\\Laravel\\Laravel_10_Job_Portal_Seeking\\vendor\\laravel\\framework\\src\\Illuminate\\Foundation\\Application.php(942): Illuminate\\Container\\Container->make('blade.compiler', Array)
#6 C:\\Users\\ASUS\\Desktop\\Laravel\\Laravel_10_Job_Portal_Seeking\\vendor\\laravel\\framework\\src\\Illuminate\\Container\\Container.php(1454): Illuminate\\Foundation\\Application->make('blade.compiler')
#7 C:\\Users\\ASUS\\Desktop\\Laravel\\Laravel_10_Job_Portal_Seeking\\vendor\\laravel\\framework\\src\\Illuminate\\Support\\Facades\\Facade.php(237): Illuminate\\Container\\Container->offsetGet('blade.compiler')
#8 C:\\Users\\ASUS\\Desktop\\Laravel\\Laravel_10_Job_Portal_Seeking\\vendor\\laravel\\framework\\src\\Illuminate\\Support\\Facades\\Facade.php(208): Illuminate\\Support\\Facades\\Facade::resolveFacadeInstance('blade.compiler')
#9 C:\\Users\\ASUS\\Desktop\\Laravel\\Laravel_10_Job_Portal_Seeking\\vendor\\laravel\\framework\\src\\Illuminate\\Support\\Facades\\Facade.php(349): Illuminate\\Support\\Facades\\Facade::getFacadeRoot()
#10 C:\\Users\\ASUS\\Desktop\\Laravel\\Laravel_10_Job_Portal_Seeking\\vendor\\php-flasher\\flasher-laravel\\FlasherServiceProvider.php(284): Illuminate\\Support\\Facades\\Facade::__callStatic('extend', Array)
#11 C:\\Users\\ASUS\\Desktop\\Laravel\\Laravel_10_Job_Portal_Seeking\\vendor\\php-flasher\\flasher-laravel\\FlasherServiceProvider.php(59): Flasher\\Laravel\\FlasherServiceProvider->registerBladeDirective()
#12 C:\\Users\\ASUS\\Desktop\\Laravel\\Laravel_10_Job_Portal_Seeking\\vendor\\php-flasher\\flasher-laravel\\Support\\ServiceProvider.php(42): Flasher\\Laravel\\FlasherServiceProvider->afterBoot()
#13 C:\\Users\\ASUS\\Desktop\\Laravel\\Laravel_10_Job_Portal_Seeking\\vendor\\laravel\\framework\\src\\Illuminate\\Container\\BoundMethod.php(36): Flasher\\Laravel\\Support\\ServiceProvider->boot()
#14 C:\\Users\\ASUS\\Desktop\\Laravel\\Laravel_10_Job_Portal_Seeking\\vendor\\laravel\\framework\\src\\Illuminate\\Container\\Util.php(41): Illuminate\\Container\\BoundMethod::Illuminate\\Container\\{closure}()
#15 C:\\Users\\ASUS\\Desktop\\Laravel\\Laravel_10_Job_Portal_Seeking\\vendor\\laravel\\framework\\src\\Illuminate\\Container\\BoundMethod.php(93): Illuminate\\Container\\Util::unwrapIfClosure(Object(Closure))
#16 C:\\Users\\ASUS\\Desktop\\Laravel\\Laravel_10_Job_Portal_Seeking\\vendor\\laravel\\framework\\src\\Illuminate\\Container\\BoundMethod.php(35): Illuminate\\Container\\BoundMethod::callBoundMethod(Object(Illuminate\\Foundation\\Application), Array, Object(Closure))
#17 C:\\Users\\ASUS\\Desktop\\Laravel\\Laravel_10_Job_Portal_Seeking\\vendor\\laravel\\framework\\src\\Illuminate\\Container\\Container.php(662): Illuminate\\Container\\BoundMethod::call(Object(Illuminate\\Foundation\\Application), Array, Array, NULL)
#18 C:\\Users\\ASUS\\Desktop\\Laravel\\Laravel_10_Job_Portal_Seeking\\vendor\\laravel\\framework\\src\\Illuminate\\Foundation\\Application.php(1030): Illuminate\\Container\\Container->call(Array)
#19 C:\\Users\\ASUS\\Desktop\\Laravel\\Laravel_10_Job_Portal_Seeking\\vendor\\laravel\\framework\\src\\Illuminate\\Foundation\\Application.php(1011): Illuminate\\Foundation\\Application->bootProvider(Object(Flasher\\Laravel\\FlasherServiceProvider))
#20 [internal function]: Illuminate\\Foundation\\Application->Illuminate\\Foundation\\{closure}(Object(Flasher\\Laravel\\FlasherServiceProvider), 25)
#21 C:\\Users\\ASUS\\Desktop\\Laravel\\Laravel_10_Job_Portal_Seeking\\vendor\\laravel\\framework\\src\\Illuminate\\Foundation\\Application.php(1010): array_walk(Array, Object(Closure))
#22 C:\\Users\\ASUS\\Desktop\\Laravel\\Laravel_10_Job_Portal_Seeking\\vendor\\laravel\\framework\\src\\Illuminate\\Foundation\\Bootstrap\\BootProviders.php(17): Illuminate\\Foundation\\Application->boot()
#23 C:\\Users\\ASUS\\Desktop\\Laravel\\Laravel_10_Job_Portal_Seeking\\vendor\\laravel\\framework\\src\\Illuminate\\Foundation\\Application.php(263): Illuminate\\Foundation\\Bootstrap\\BootProviders->bootstrap(Object(Illuminate\\Foundation\\Application))
#24 C:\\Users\\ASUS\\Desktop\\Laravel\\Laravel_10_Job_Portal_Seeking\\vendor\\laravel\\framework\\src\\Illuminate\\Foundation\\Console\\Kernel.php(447): Illuminate\\Foundation\\Application->bootstrapWith(Array)
#25 C:\\Users\\ASUS\\Desktop\\Laravel\\Laravel_10_Job_Portal_Seeking\\vendor\\laravel\\framework\\src\\Illuminate\\Foundation\\Console\\Kernel.php(199): Illuminate\\Foundation\\Console\\Kernel->bootstrap()
#26 Command line code(1): Illuminate\\Foundation\\Console\\Kernel->handle(Object(Symfony\\Component\\Console\\Input\\ArgvInput), Object(Symfony\\Component\\Console\\Output\\ConsoleOutput))
#27 {main}
"} 
[2024-06-21 03:53:51] local.ERROR: Please provide a valid cache path. {"exception":"[object] (InvalidArgumentException(code: 0): Please provide a valid cache path. at C:\\Users\\ASUS\\Desktop\\Laravel\\Laravel_10_Job_Portal_Seeking\\vendor\\laravel\\framework\\src\\Illuminate\\View\\Compilers\\Compiler.php:67)
[stacktrace]
#0 C:\\Users\\ASUS\\Desktop\\Laravel\\Laravel_10_Job_Portal_Seeking\\vendor\\laravel\\framework\\src\\Illuminate\\View\\ViewServiceProvider.php(96): Illuminate\\View\\Compilers\\Compiler->__construct(Object(Illuminate\\Filesystem\\Filesystem), false, '', true, 'php')
#1 C:\\Users\\ASUS\\Desktop\\Laravel\\Laravel_10_Job_Portal_Seeking\\vendor\\laravel\\framework\\src\\Illuminate\\Container\\Container.php(908): Illuminate\\View\\ViewServiceProvider->Illuminate\\View\\{closure}(Object(Illuminate\\Foundation\\Application), Array)
#2 C:\\Users\\ASUS\\Desktop\\Laravel\\Laravel_10_Job_Portal_Seeking\\vendor\\laravel\\framework\\src\\Illuminate\\Container\\Container.php(795): Illuminate\\Container\\Container->build(Object(Closure))
#3 C:\\Users\\ASUS\\Desktop\\Laravel\\Laravel_10_Job_Portal_Seeking\\vendor\\laravel\\framework\\src\\Illuminate\\Foundation\\Application.php(957): Illuminate\\Container\\Container->resolve('blade.compiler', Array, true)
#4 C:\\Users\\ASUS\\Desktop\\Laravel\\Laravel_10_Job_Portal_Seeking\\vendor\\laravel\\framework\\src\\Illuminate\\Container\\Container.php(731): Illuminate\\Foundation\\Application->resolve('blade.compiler', Array)
#5 C:\\Users\\ASUS\\Desktop\\Laravel\\Laravel_10_Job_Portal_Seeking\\vendor\\laravel\\framework\\src\\Illuminate\\Foundation\\Application.php(942): Illuminate\\Container\\Container->make('blade.compiler', Array)
#6 C:\\Users\\ASUS\\Desktop\\Laravel\\Laravel_10_Job_Portal_Seeking\\vendor\\laravel\\framework\\src\\Illuminate\\Container\\Container.php(1454): Illuminate\\Foundation\\Application->make('blade.compiler')
#7 C:\\Users\\ASUS\\Desktop\\Laravel\\Laravel_10_Job_Portal_Seeking\\vendor\\laravel\\framework\\src\\Illuminate\\Support\\Facades\\Facade.php(237): Illuminate\\Container\\Container->offsetGet('blade.compiler')
#8 C:\\Users\\ASUS\\Desktop\\Laravel\\Laravel_10_Job_Portal_Seeking\\vendor\\laravel\\framework\\src\\Illuminate\\Support\\Facades\\Facade.php(208): Illuminate\\Support\\Facades\\Facade::resolveFacadeInstance('blade.compiler')
#9 C:\\Users\\ASUS\\Desktop\\Laravel\\Laravel_10_Job_Portal_Seeking\\vendor\\laravel\\framework\\src\\Illuminate\\Support\\Facades\\Facade.php(349): Illuminate\\Support\\Facades\\Facade::getFacadeRoot()
#10 C:\\Users\\ASUS\\Desktop\\Laravel\\Laravel_10_Job_Portal_Seeking\\vendor\\php-flasher\\flasher-laravel\\FlasherServiceProvider.php(284): Illuminate\\Support\\Facades\\Facade::__callStatic('extend', Array)
#11 C:\\Users\\ASUS\\Desktop\\Laravel\\Laravel_10_Job_Portal_Seeking\\vendor\\php-flasher\\flasher-laravel\\FlasherServiceProvider.php(59): Flasher\\Laravel\\FlasherServiceProvider->registerBladeDirective()
#12 C:\\Users\\ASUS\\Desktop\\Laravel\\Laravel_10_Job_Portal_Seeking\\vendor\\php-flasher\\flasher-laravel\\Support\\ServiceProvider.php(42): Flasher\\Laravel\\FlasherServiceProvider->afterBoot()
#13 C:\\Users\\ASUS\\Desktop\\Laravel\\Laravel_10_Job_Portal_Seeking\\vendor\\laravel\\framework\\src\\Illuminate\\Container\\BoundMethod.php(36): Flasher\\Laravel\\Support\\ServiceProvider->boot()
#14 C:\\Users\\ASUS\\Desktop\\Laravel\\Laravel_10_Job_Portal_Seeking\\vendor\\laravel\\framework\\src\\Illuminate\\Container\\Util.php(41): Illuminate\\Container\\BoundMethod::Illuminate\\Container\\{closure}()
#15 C:\\Users\\ASUS\\Desktop\\Laravel\\Laravel_10_Job_Portal_Seeking\\vendor\\laravel\\framework\\src\\Illuminate\\Container\\BoundMethod.php(93): Illuminate\\Container\\Util::unwrapIfClosure(Object(Closure))
#16 C:\\Users\\ASUS\\Desktop\\Laravel\\Laravel_10_Job_Portal_Seeking\\vendor\\laravel\\framework\\src\\Illuminate\\Container\\BoundMethod.php(35): Illuminate\\Container\\BoundMethod::callBoundMethod(Object(Illuminate\\Foundation\\Application), Array, Object(Closure))
#17 C:\\Users\\ASUS\\Desktop\\Laravel\\Laravel_10_Job_Portal_Seeking\\vendor\\laravel\\framework\\src\\Illuminate\\Container\\Container.php(662): Illuminate\\Container\\BoundMethod::call(Object(Illuminate\\Foundation\\Application), Array, Array, NULL)
#18 C:\\Users\\ASUS\\Desktop\\Laravel\\Laravel_10_Job_Portal_Seeking\\vendor\\laravel\\framework\\src\\Illuminate\\Foundation\\Application.php(1030): Illuminate\\Container\\Container->call(Array)
#19 C:\\Users\\ASUS\\Desktop\\Laravel\\Laravel_10_Job_Portal_Seeking\\vendor\\laravel\\framework\\src\\Illuminate\\Foundation\\Application.php(1011): Illuminate\\Foundation\\Application->bootProvider(Object(Flasher\\Laravel\\FlasherServiceProvider))
#20 [internal function]: Illuminate\\Foundation\\Application->Illuminate\\Foundation\\{closure}(Object(Flasher\\Laravel\\FlasherServiceProvider), 24)
#21 C:\\Users\\ASUS\\Desktop\\Laravel\\Laravel_10_Job_Portal_Seeking\\vendor\\laravel\\framework\\src\\Illuminate\\Foundation\\Application.php(1010): array_walk(Array, Object(Closure))
#22 C:\\Users\\ASUS\\Desktop\\Laravel\\Laravel_10_Job_Portal_Seeking\\vendor\\laravel\\framework\\src\\Illuminate\\Foundation\\Bootstrap\\BootProviders.php(17): Illuminate\\Foundation\\Application->boot()
#23 C:\\Users\\ASUS\\Desktop\\Laravel\\Laravel_10_Job_Portal_Seeking\\vendor\\laravel\\framework\\src\\Illuminate\\Foundation\\Application.php(263): Illuminate\\Foundation\\Bootstrap\\BootProviders->bootstrap(Object(Illuminate\\Foundation\\Application))
#24 C:\\Users\\ASUS\\Desktop\\Laravel\\Laravel_10_Job_Portal_Seeking\\vendor\\laravel\\framework\\src\\Illuminate\\Foundation\\Console\\Kernel.php(447): Illuminate\\Foundation\\Application->bootstrapWith(Array)
#25 C:\\Users\\ASUS\\Desktop\\Laravel\\Laravel_10_Job_Portal_Seeking\\vendor\\laravel\\framework\\src\\Illuminate\\Foundation\\Console\\Kernel.php(199): Illuminate\\Foundation\\Console\\Kernel->bootstrap()
#26 Command line code(1): Illuminate\\Foundation\\Console\\Kernel->handle(Object(Symfony\\Component\\Console\\Input\\ArgvInput), Object(Symfony\\Component\\Console\\Output\\ConsoleOutput))
#27 {main}
"} 
[2024-06-21 03:53:55] local.ERROR: Please provide a valid cache path. {"exception":"[object] (InvalidArgumentException(code: 0): Please provide a valid cache path. at C:\\Users\\ASUS\\Desktop\\Laravel\\Laravel_10_Job_Portal_Seeking\\vendor\\laravel\\framework\\src\\Illuminate\\View\\Compilers\\Compiler.php:67)
[stacktrace]
#0 C:\\Users\\ASUS\\Desktop\\Laravel\\Laravel_10_Job_Portal_Seeking\\vendor\\laravel\\framework\\src\\Illuminate\\View\\ViewServiceProvider.php(96): Illuminate\\View\\Compilers\\Compiler->__construct(Object(Illuminate\\Filesystem\\Filesystem), false, '', true, 'php')
#1 C:\\Users\\ASUS\\Desktop\\Laravel\\Laravel_10_Job_Portal_Seeking\\vendor\\laravel\\framework\\src\\Illuminate\\Container\\Container.php(908): Illuminate\\View\\ViewServiceProvider->Illuminate\\View\\{closure}(Object(Illuminate\\Foundation\\Application), Array)
#2 C:\\Users\\ASUS\\Desktop\\Laravel\\Laravel_10_Job_Portal_Seeking\\vendor\\laravel\\framework\\src\\Illuminate\\Container\\Container.php(795): Illuminate\\Container\\Container->build(Object(Closure))
#3 C:\\Users\\ASUS\\Desktop\\Laravel\\Laravel_10_Job_Portal_Seeking\\vendor\\laravel\\framework\\src\\Illuminate\\Foundation\\Application.php(957): Illuminate\\Container\\Container->resolve('blade.compiler', Array, true)
#4 C:\\Users\\ASUS\\Desktop\\Laravel\\Laravel_10_Job_Portal_Seeking\\vendor\\laravel\\framework\\src\\Illuminate\\Container\\Container.php(731): Illuminate\\Foundation\\Application->resolve('blade.compiler', Array)
#5 C:\\Users\\ASUS\\Desktop\\Laravel\\Laravel_10_Job_Portal_Seeking\\vendor\\laravel\\framework\\src\\Illuminate\\Foundation\\Application.php(942): Illuminate\\Container\\Container->make('blade.compiler', Array)
#6 C:\\Users\\ASUS\\Desktop\\Laravel\\Laravel_10_Job_Portal_Seeking\\vendor\\laravel\\framework\\src\\Illuminate\\Container\\Container.php(1454): Illuminate\\Foundation\\Application->make('blade.compiler')
#7 C:\\Users\\ASUS\\Desktop\\Laravel\\Laravel_10_Job_Portal_Seeking\\vendor\\laravel\\framework\\src\\Illuminate\\Support\\Facades\\Facade.php(237): Illuminate\\Container\\Container->offsetGet('blade.compiler')
#8 C:\\Users\\ASUS\\Desktop\\Laravel\\Laravel_10_Job_Portal_Seeking\\vendor\\laravel\\framework\\src\\Illuminate\\Support\\Facades\\Facade.php(208): Illuminate\\Support\\Facades\\Facade::resolveFacadeInstance('blade.compiler')
#9 C:\\Users\\ASUS\\Desktop\\Laravel\\Laravel_10_Job_Portal_Seeking\\vendor\\laravel\\framework\\src\\Illuminate\\Support\\Facades\\Facade.php(349): Illuminate\\Support\\Facades\\Facade::getFacadeRoot()
#10 C:\\Users\\ASUS\\Desktop\\Laravel\\Laravel_10_Job_Portal_Seeking\\vendor\\php-flasher\\flasher-laravel\\FlasherServiceProvider.php(284): Illuminate\\Support\\Facades\\Facade::__callStatic('extend', Array)
#11 C:\\Users\\ASUS\\Desktop\\Laravel\\Laravel_10_Job_Portal_Seeking\\vendor\\php-flasher\\flasher-laravel\\FlasherServiceProvider.php(59): Flasher\\Laravel\\FlasherServiceProvider->registerBladeDirective()
#12 C:\\Users\\ASUS\\Desktop\\Laravel\\Laravel_10_Job_Portal_Seeking\\vendor\\php-flasher\\flasher-laravel\\Support\\ServiceProvider.php(42): Flasher\\Laravel\\FlasherServiceProvider->afterBoot()
#13 C:\\Users\\ASUS\\Desktop\\Laravel\\Laravel_10_Job_Portal_Seeking\\vendor\\laravel\\framework\\src\\Illuminate\\Container\\BoundMethod.php(36): Flasher\\Laravel\\Support\\ServiceProvider->boot()
#14 C:\\Users\\ASUS\\Desktop\\Laravel\\Laravel_10_Job_Portal_Seeking\\vendor\\laravel\\framework\\src\\Illuminate\\Container\\Util.php(41): Illuminate\\Container\\BoundMethod::Illuminate\\Container\\{closure}()
#15 C:\\Users\\ASUS\\Desktop\\Laravel\\Laravel_10_Job_Portal_Seeking\\vendor\\laravel\\framework\\src\\Illuminate\\Container\\BoundMethod.php(93): Illuminate\\Container\\Util::unwrapIfClosure(Object(Closure))
#16 C:\\Users\\ASUS\\Desktop\\Laravel\\Laravel_10_Job_Portal_Seeking\\vendor\\laravel\\framework\\src\\Illuminate\\Container\\BoundMethod.php(35): Illuminate\\Container\\BoundMethod::callBoundMethod(Object(Illuminate\\Foundation\\Application), Array, Object(Closure))
#17 C:\\Users\\ASUS\\Desktop\\Laravel\\Laravel_10_Job_Portal_Seeking\\vendor\\laravel\\framework\\src\\Illuminate\\Container\\Container.php(662): Illuminate\\Container\\BoundMethod::call(Object(Illuminate\\Foundation\\Application), Array, Array, NULL)
#18 C:\\Users\\ASUS\\Desktop\\Laravel\\Laravel_10_Job_Portal_Seeking\\vendor\\laravel\\framework\\src\\Illuminate\\Foundation\\Application.php(1030): Illuminate\\Container\\Container->call(Array)
#19 C:\\Users\\ASUS\\Desktop\\Laravel\\Laravel_10_Job_Portal_Seeking\\vendor\\laravel\\framework\\src\\Illuminate\\Foundation\\Application.php(1011): Illuminate\\Foundation\\Application->bootProvider(Object(Flasher\\Laravel\\FlasherServiceProvider))
#20 [internal function]: Illuminate\\Foundation\\Application->Illuminate\\Foundation\\{closure}(Object(Flasher\\Laravel\\FlasherServiceProvider), 24)
#21 C:\\Users\\ASUS\\Desktop\\Laravel\\Laravel_10_Job_Portal_Seeking\\vendor\\laravel\\framework\\src\\Illuminate\\Foundation\\Application.php(1010): array_walk(Array, Object(Closure))
#22 C:\\Users\\ASUS\\Desktop\\Laravel\\Laravel_10_Job_Portal_Seeking\\vendor\\laravel\\framework\\src\\Illuminate\\Foundation\\Bootstrap\\BootProviders.php(17): Illuminate\\Foundation\\Application->boot()
#23 C:\\Users\\ASUS\\Desktop\\Laravel\\Laravel_10_Job_Portal_Seeking\\vendor\\laravel\\framework\\src\\Illuminate\\Foundation\\Application.php(263): Illuminate\\Foundation\\Bootstrap\\BootProviders->bootstrap(Object(Illuminate\\Foundation\\Application))
#24 C:\\Users\\ASUS\\Desktop\\Laravel\\Laravel_10_Job_Portal_Seeking\\vendor\\laravel\\framework\\src\\Illuminate\\Foundation\\Console\\Kernel.php(447): Illuminate\\Foundation\\Application->bootstrapWith(Array)
#25 C:\\Users\\ASUS\\Desktop\\Laravel\\Laravel_10_Job_Portal_Seeking\\vendor\\laravel\\framework\\src\\Illuminate\\Foundation\\Console\\Kernel.php(199): Illuminate\\Foundation\\Console\\Kernel->bootstrap()
#26 Command line code(1): Illuminate\\Foundation\\Console\\Kernel->handle(Object(Symfony\\Component\\Console\\Input\\ArgvInput), Object(Symfony\\Component\\Console\\Output\\ConsoleOutput))
#27 {main}
"} 
[2024-06-21 03:53:58] local.ERROR: Please provide a valid cache path. {"exception":"[object] (InvalidArgumentException(code: 0): Please provide a valid cache path. at C:\\Users\\ASUS\\Desktop\\Laravel\\Laravel_10_Job_Portal_Seeking\\vendor\\laravel\\framework\\src\\Illuminate\\View\\Compilers\\Compiler.php:67)
[stacktrace]
#0 C:\\Users\\ASUS\\Desktop\\Laravel\\Laravel_10_Job_Portal_Seeking\\vendor\\laravel\\framework\\src\\Illuminate\\View\\ViewServiceProvider.php(96): Illuminate\\View\\Compilers\\Compiler->__construct(Object(Illuminate\\Filesystem\\Filesystem), false, '', true, 'php')
#1 C:\\Users\\ASUS\\Desktop\\Laravel\\Laravel_10_Job_Portal_Seeking\\vendor\\laravel\\framework\\src\\Illuminate\\Container\\Container.php(908): Illuminate\\View\\ViewServiceProvider->Illuminate\\View\\{closure}(Object(Illuminate\\Foundation\\Application), Array)
#2 C:\\Users\\ASUS\\Desktop\\Laravel\\Laravel_10_Job_Portal_Seeking\\vendor\\laravel\\framework\\src\\Illuminate\\Container\\Container.php(795): Illuminate\\Container\\Container->build(Object(Closure))
#3 C:\\Users\\ASUS\\Desktop\\Laravel\\Laravel_10_Job_Portal_Seeking\\vendor\\laravel\\framework\\src\\Illuminate\\Foundation\\Application.php(957): Illuminate\\Container\\Container->resolve('blade.compiler', Array, true)
#4 C:\\Users\\ASUS\\Desktop\\Laravel\\Laravel_10_Job_Portal_Seeking\\vendor\\laravel\\framework\\src\\Illuminate\\Container\\Container.php(731): Illuminate\\Foundation\\Application->resolve('blade.compiler', Array)
#5 C:\\Users\\ASUS\\Desktop\\Laravel\\Laravel_10_Job_Portal_Seeking\\vendor\\laravel\\framework\\src\\Illuminate\\Foundation\\Application.php(942): Illuminate\\Container\\Container->make('blade.compiler', Array)
#6 C:\\Users\\ASUS\\Desktop\\Laravel\\Laravel_10_Job_Portal_Seeking\\vendor\\laravel\\framework\\src\\Illuminate\\Container\\Container.php(1454): Illuminate\\Foundation\\Application->make('blade.compiler')
#7 C:\\Users\\ASUS\\Desktop\\Laravel\\Laravel_10_Job_Portal_Seeking\\vendor\\laravel\\framework\\src\\Illuminate\\Support\\Facades\\Facade.php(237): Illuminate\\Container\\Container->offsetGet('blade.compiler')
#8 C:\\Users\\ASUS\\Desktop\\Laravel\\Laravel_10_Job_Portal_Seeking\\vendor\\laravel\\framework\\src\\Illuminate\\Support\\Facades\\Facade.php(208): Illuminate\\Support\\Facades\\Facade::resolveFacadeInstance('blade.compiler')
#9 C:\\Users\\ASUS\\Desktop\\Laravel\\Laravel_10_Job_Portal_Seeking\\vendor\\laravel\\framework\\src\\Illuminate\\Support\\Facades\\Facade.php(349): Illuminate\\Support\\Facades\\Facade::getFacadeRoot()
#10 C:\\Users\\ASUS\\Desktop\\Laravel\\Laravel_10_Job_Portal_Seeking\\vendor\\php-flasher\\flasher-laravel\\FlasherServiceProvider.php(284): Illuminate\\Support\\Facades\\Facade::__callStatic('extend', Array)
#11 C:\\Users\\ASUS\\Desktop\\Laravel\\Laravel_10_Job_Portal_Seeking\\vendor\\php-flasher\\flasher-laravel\\FlasherServiceProvider.php(59): Flasher\\Laravel\\FlasherServiceProvider->registerBladeDirective()
#12 C:\\Users\\ASUS\\Desktop\\Laravel\\Laravel_10_Job_Portal_Seeking\\vendor\\php-flasher\\flasher-laravel\\Support\\ServiceProvider.php(42): Flasher\\Laravel\\FlasherServiceProvider->afterBoot()
#13 C:\\Users\\ASUS\\Desktop\\Laravel\\Laravel_10_Job_Portal_Seeking\\vendor\\laravel\\framework\\src\\Illuminate\\Container\\BoundMethod.php(36): Flasher\\Laravel\\Support\\ServiceProvider->boot()
#14 C:\\Users\\ASUS\\Desktop\\Laravel\\Laravel_10_Job_Portal_Seeking\\vendor\\laravel\\framework\\src\\Illuminate\\Container\\Util.php(41): Illuminate\\Container\\BoundMethod::Illuminate\\Container\\{closure}()
#15 C:\\Users\\ASUS\\Desktop\\Laravel\\Laravel_10_Job_Portal_Seeking\\vendor\\laravel\\framework\\src\\Illuminate\\Container\\BoundMethod.php(93): Illuminate\\Container\\Util::unwrapIfClosure(Object(Closure))
#16 C:\\Users\\ASUS\\Desktop\\Laravel\\Laravel_10_Job_Portal_Seeking\\vendor\\laravel\\framework\\src\\Illuminate\\Container\\BoundMethod.php(35): Illuminate\\Container\\BoundMethod::callBoundMethod(Object(Illuminate\\Foundation\\Application), Array, Object(Closure))
#17 C:\\Users\\ASUS\\Desktop\\Laravel\\Laravel_10_Job_Portal_Seeking\\vendor\\laravel\\framework\\src\\Illuminate\\Container\\Container.php(662): Illuminate\\Container\\BoundMethod::call(Object(Illuminate\\Foundation\\Application), Array, Array, NULL)
#18 C:\\Users\\ASUS\\Desktop\\Laravel\\Laravel_10_Job_Portal_Seeking\\vendor\\laravel\\framework\\src\\Illuminate\\Foundation\\Application.php(1030): Illuminate\\Container\\Container->call(Array)
#19 C:\\Users\\ASUS\\Desktop\\Laravel\\Laravel_10_Job_Portal_Seeking\\vendor\\laravel\\framework\\src\\Illuminate\\Foundation\\Application.php(1011): Illuminate\\Foundation\\Application->bootProvider(Object(Flasher\\Laravel\\FlasherServiceProvider))
#20 [internal function]: Illuminate\\Foundation\\Application->Illuminate\\Foundation\\{closure}(Object(Flasher\\Laravel\\FlasherServiceProvider), 24)
#21 C:\\Users\\ASUS\\Desktop\\Laravel\\Laravel_10_Job_Portal_Seeking\\vendor\\laravel\\framework\\src\\Illuminate\\Foundation\\Application.php(1010): array_walk(Array, Object(Closure))
#22 C:\\Users\\ASUS\\Desktop\\Laravel\\Laravel_10_Job_Portal_Seeking\\vendor\\laravel\\framework\\src\\Illuminate\\Foundation\\Bootstrap\\BootProviders.php(17): Illuminate\\Foundation\\Application->boot()
#23 C:\\Users\\ASUS\\Desktop\\Laravel\\Laravel_10_Job_Portal_Seeking\\vendor\\laravel\\framework\\src\\Illuminate\\Foundation\\Application.php(263): Illuminate\\Foundation\\Bootstrap\\BootProviders->bootstrap(Object(Illuminate\\Foundation\\Application))
#24 C:\\Users\\ASUS\\Desktop\\Laravel\\Laravel_10_Job_Portal_Seeking\\vendor\\laravel\\framework\\src\\Illuminate\\Foundation\\Console\\Kernel.php(447): Illuminate\\Foundation\\Application->bootstrapWith(Array)
#25 C:\\Users\\ASUS\\Desktop\\Laravel\\Laravel_10_Job_Portal_Seeking\\vendor\\laravel\\framework\\src\\Illuminate\\Foundation\\Console\\Kernel.php(199): Illuminate\\Foundation\\Console\\Kernel->bootstrap()
#26 Command line code(1): Illuminate\\Foundation\\Console\\Kernel->handle(Object(Symfony\\Component\\Console\\Input\\ArgvInput), Object(Symfony\\Component\\Console\\Output\\ConsoleOutput))
#27 {main}
"} 
[2024-06-21 03:54:01] local.ERROR: Please provide a valid cache path. {"exception":"[object] (InvalidArgumentException(code: 0): Please provide a valid cache path. at C:\\Users\\ASUS\\Desktop\\Laravel\\Laravel_10_Job_Portal_Seeking\\vendor\\laravel\\framework\\src\\Illuminate\\View\\Compilers\\Compiler.php:67)
[stacktrace]
#0 C:\\Users\\ASUS\\Desktop\\Laravel\\Laravel_10_Job_Portal_Seeking\\vendor\\laravel\\framework\\src\\Illuminate\\View\\ViewServiceProvider.php(96): Illuminate\\View\\Compilers\\Compiler->__construct(Object(Illuminate\\Filesystem\\Filesystem), false, '', true, 'php')
#1 C:\\Users\\ASUS\\Desktop\\Laravel\\Laravel_10_Job_Portal_Seeking\\vendor\\laravel\\framework\\src\\Illuminate\\Container\\Container.php(908): Illuminate\\View\\ViewServiceProvider->Illuminate\\View\\{closure}(Object(Illuminate\\Foundation\\Application), Array)
#2 C:\\Users\\ASUS\\Desktop\\Laravel\\Laravel_10_Job_Portal_Seeking\\vendor\\laravel\\framework\\src\\Illuminate\\Container\\Container.php(795): Illuminate\\Container\\Container->build(Object(Closure))
#3 C:\\Users\\ASUS\\Desktop\\Laravel\\Laravel_10_Job_Portal_Seeking\\vendor\\laravel\\framework\\src\\Illuminate\\Foundation\\Application.php(957): Illuminate\\Container\\Container->resolve('blade.compiler', Array, true)
#4 C:\\Users\\ASUS\\Desktop\\Laravel\\Laravel_10_Job_Portal_Seeking\\vendor\\laravel\\framework\\src\\Illuminate\\Container\\Container.php(731): Illuminate\\Foundation\\Application->resolve('blade.compiler', Array)
#5 C:\\Users\\ASUS\\Desktop\\Laravel\\Laravel_10_Job_Portal_Seeking\\vendor\\laravel\\framework\\src\\Illuminate\\Foundation\\Application.php(942): Illuminate\\Container\\Container->make('blade.compiler', Array)
#6 C:\\Users\\ASUS\\Desktop\\Laravel\\Laravel_10_Job_Portal_Seeking\\vendor\\laravel\\framework\\src\\Illuminate\\Container\\Container.php(1454): Illuminate\\Foundation\\Application->make('blade.compiler')
#7 C:\\Users\\ASUS\\Desktop\\Laravel\\Laravel_10_Job_Portal_Seeking\\vendor\\laravel\\framework\\src\\Illuminate\\Support\\Facades\\Facade.php(237): Illuminate\\Container\\Container->offsetGet('blade.compiler')
#8 C:\\Users\\ASUS\\Desktop\\Laravel\\Laravel_10_Job_Portal_Seeking\\vendor\\laravel\\framework\\src\\Illuminate\\Support\\Facades\\Facade.php(208): Illuminate\\Support\\Facades\\Facade::resolveFacadeInstance('blade.compiler')
#9 C:\\Users\\ASUS\\Desktop\\Laravel\\Laravel_10_Job_Portal_Seeking\\vendor\\laravel\\framework\\src\\Illuminate\\Support\\Facades\\Facade.php(349): Illuminate\\Support\\Facades\\Facade::getFacadeRoot()
#10 C:\\Users\\ASUS\\Desktop\\Laravel\\Laravel_10_Job_Portal_Seeking\\vendor\\php-flasher\\flasher-laravel\\FlasherServiceProvider.php(284): Illuminate\\Support\\Facades\\Facade::__callStatic('extend', Array)
#11 C:\\Users\\ASUS\\Desktop\\Laravel\\Laravel_10_Job_Portal_Seeking\\vendor\\php-flasher\\flasher-laravel\\FlasherServiceProvider.php(59): Flasher\\Laravel\\FlasherServiceProvider->registerBladeDirective()
#12 C:\\Users\\ASUS\\Desktop\\Laravel\\Laravel_10_Job_Portal_Seeking\\vendor\\php-flasher\\flasher-laravel\\Support\\ServiceProvider.php(42): Flasher\\Laravel\\FlasherServiceProvider->afterBoot()
#13 C:\\Users\\ASUS\\Desktop\\Laravel\\Laravel_10_Job_Portal_Seeking\\vendor\\laravel\\framework\\src\\Illuminate\\Container\\BoundMethod.php(36): Flasher\\Laravel\\Support\\ServiceProvider->boot()
#14 C:\\Users\\ASUS\\Desktop\\Laravel\\Laravel_10_Job_Portal_Seeking\\vendor\\laravel\\framework\\src\\Illuminate\\Container\\Util.php(41): Illuminate\\Container\\BoundMethod::Illuminate\\Container\\{closure}()
#15 C:\\Users\\ASUS\\Desktop\\Laravel\\Laravel_10_Job_Portal_Seeking\\vendor\\laravel\\framework\\src\\Illuminate\\Container\\BoundMethod.php(93): Illuminate\\Container\\Util::unwrapIfClosure(Object(Closure))
#16 C:\\Users\\ASUS\\Desktop\\Laravel\\Laravel_10_Job_Portal_Seeking\\vendor\\laravel\\framework\\src\\Illuminate\\Container\\BoundMethod.php(35): Illuminate\\Container\\BoundMethod::callBoundMethod(Object(Illuminate\\Foundation\\Application), Array, Object(Closure))
#17 C:\\Users\\ASUS\\Desktop\\Laravel\\Laravel_10_Job_Portal_Seeking\\vendor\\laravel\\framework\\src\\Illuminate\\Container\\Container.php(662): Illuminate\\Container\\BoundMethod::call(Object(Illuminate\\Foundation\\Application), Array, Array, NULL)
#18 C:\\Users\\ASUS\\Desktop\\Laravel\\Laravel_10_Job_Portal_Seeking\\vendor\\laravel\\framework\\src\\Illuminate\\Foundation\\Application.php(1030): Illuminate\\Container\\Container->call(Array)
#19 C:\\Users\\ASUS\\Desktop\\Laravel\\Laravel_10_Job_Portal_Seeking\\vendor\\laravel\\framework\\src\\Illuminate\\Foundation\\Application.php(1011): Illuminate\\Foundation\\Application->bootProvider(Object(Flasher\\Laravel\\FlasherServiceProvider))
#20 [internal function]: Illuminate\\Foundation\\Application->Illuminate\\Foundation\\{closure}(Object(Flasher\\Laravel\\FlasherServiceProvider), 24)
#21 C:\\Users\\ASUS\\Desktop\\Laravel\\Laravel_10_Job_Portal_Seeking\\vendor\\laravel\\framework\\src\\Illuminate\\Foundation\\Application.php(1010): array_walk(Array, Object(Closure))
#22 C:\\Users\\ASUS\\Desktop\\Laravel\\Laravel_10_Job_Portal_Seeking\\vendor\\laravel\\framework\\src\\Illuminate\\Foundation\\Bootstrap\\BootProviders.php(17): Illuminate\\Foundation\\Application->boot()
#23 C:\\Users\\ASUS\\Desktop\\Laravel\\Laravel_10_Job_Portal_Seeking\\vendor\\laravel\\framework\\src\\Illuminate\\Foundation\\Application.php(263): Illuminate\\Foundation\\Bootstrap\\BootProviders->bootstrap(Object(Illuminate\\Foundation\\Application))
#24 C:\\Users\\ASUS\\Desktop\\Laravel\\Laravel_10_Job_Portal_Seeking\\vendor\\laravel\\framework\\src\\Illuminate\\Foundation\\Console\\Kernel.php(447): Illuminate\\Foundation\\Application->bootstrapWith(Array)
#25 C:\\Users\\ASUS\\Desktop\\Laravel\\Laravel_10_Job_Portal_Seeking\\vendor\\laravel\\framework\\src\\Illuminate\\Foundation\\Console\\Kernel.php(199): Illuminate\\Foundation\\Console\\Kernel->bootstrap()
#26 Command line code(1): Illuminate\\Foundation\\Console\\Kernel->handle(Object(Symfony\\Component\\Console\\Input\\ArgvInput), Object(Symfony\\Component\\Console\\Output\\ConsoleOutput))
#27 {main}
"} 
[2024-06-21 03:54:05] local.ERROR: Please provide a valid cache path. {"exception":"[object] (InvalidArgumentException(code: 0): Please provide a valid cache path. at C:\\Users\\ASUS\\Desktop\\Laravel\\Laravel_10_Job_Portal_Seeking\\vendor\\laravel\\framework\\src\\Illuminate\\View\\Compilers\\Compiler.php:67)
[stacktrace]
#0 C:\\Users\\ASUS\\Desktop\\Laravel\\Laravel_10_Job_Portal_Seeking\\vendor\\laravel\\framework\\src\\Illuminate\\View\\ViewServiceProvider.php(96): Illuminate\\View\\Compilers\\Compiler->__construct(Object(Illuminate\\Filesystem\\Filesystem), false, '', true, 'php')
#1 C:\\Users\\ASUS\\Desktop\\Laravel\\Laravel_10_Job_Portal_Seeking\\vendor\\laravel\\framework\\src\\Illuminate\\Container\\Container.php(908): Illuminate\\View\\ViewServiceProvider->Illuminate\\View\\{closure}(Object(Illuminate\\Foundation\\Application), Array)
#2 C:\\Users\\ASUS\\Desktop\\Laravel\\Laravel_10_Job_Portal_Seeking\\vendor\\laravel\\framework\\src\\Illuminate\\Container\\Container.php(795): Illuminate\\Container\\Container->build(Object(Closure))
#3 C:\\Users\\ASUS\\Desktop\\Laravel\\Laravel_10_Job_Portal_Seeking\\vendor\\laravel\\framework\\src\\Illuminate\\Foundation\\Application.php(957): Illuminate\\Container\\Container->resolve('blade.compiler', Array, true)
#4 C:\\Users\\ASUS\\Desktop\\Laravel\\Laravel_10_Job_Portal_Seeking\\vendor\\laravel\\framework\\src\\Illuminate\\Container\\Container.php(731): Illuminate\\Foundation\\Application->resolve('blade.compiler', Array)
#5 C:\\Users\\ASUS\\Desktop\\Laravel\\Laravel_10_Job_Portal_Seeking\\vendor\\laravel\\framework\\src\\Illuminate\\Foundation\\Application.php(942): Illuminate\\Container\\Container->make('blade.compiler', Array)
#6 C:\\Users\\ASUS\\Desktop\\Laravel\\Laravel_10_Job_Portal_Seeking\\vendor\\laravel\\framework\\src\\Illuminate\\Container\\Container.php(1454): Illuminate\\Foundation\\Application->make('blade.compiler')
#7 C:\\Users\\ASUS\\Desktop\\Laravel\\Laravel_10_Job_Portal_Seeking\\vendor\\laravel\\framework\\src\\Illuminate\\Support\\Facades\\Facade.php(237): Illuminate\\Container\\Container->offsetGet('blade.compiler')
#8 C:\\Users\\ASUS\\Desktop\\Laravel\\Laravel_10_Job_Portal_Seeking\\vendor\\laravel\\framework\\src\\Illuminate\\Support\\Facades\\Facade.php(208): Illuminate\\Support\\Facades\\Facade::resolveFacadeInstance('blade.compiler')
#9 C:\\Users\\ASUS\\Desktop\\Laravel\\Laravel_10_Job_Portal_Seeking\\vendor\\laravel\\framework\\src\\Illuminate\\Support\\Facades\\Facade.php(349): Illuminate\\Support\\Facades\\Facade::getFacadeRoot()
#10 C:\\Users\\ASUS\\Desktop\\Laravel\\Laravel_10_Job_Portal_Seeking\\vendor\\php-flasher\\flasher-laravel\\FlasherServiceProvider.php(284): Illuminate\\Support\\Facades\\Facade::__callStatic('extend', Array)
#11 C:\\Users\\ASUS\\Desktop\\Laravel\\Laravel_10_Job_Portal_Seeking\\vendor\\php-flasher\\flasher-laravel\\FlasherServiceProvider.php(59): Flasher\\Laravel\\FlasherServiceProvider->registerBladeDirective()
#12 C:\\Users\\ASUS\\Desktop\\Laravel\\Laravel_10_Job_Portal_Seeking\\vendor\\php-flasher\\flasher-laravel\\Support\\ServiceProvider.php(42): Flasher\\Laravel\\FlasherServiceProvider->afterBoot()
#13 C:\\Users\\ASUS\\Desktop\\Laravel\\Laravel_10_Job_Portal_Seeking\\vendor\\laravel\\framework\\src\\Illuminate\\Container\\BoundMethod.php(36): Flasher\\Laravel\\Support\\ServiceProvider->boot()
#14 C:\\Users\\ASUS\\Desktop\\Laravel\\Laravel_10_Job_Portal_Seeking\\vendor\\laravel\\framework\\src\\Illuminate\\Container\\Util.php(41): Illuminate\\Container\\BoundMethod::Illuminate\\Container\\{closure}()
#15 C:\\Users\\ASUS\\Desktop\\Laravel\\Laravel_10_Job_Portal_Seeking\\vendor\\laravel\\framework\\src\\Illuminate\\Container\\BoundMethod.php(93): Illuminate\\Container\\Util::unwrapIfClosure(Object(Closure))
#16 C:\\Users\\ASUS\\Desktop\\Laravel\\Laravel_10_Job_Portal_Seeking\\vendor\\laravel\\framework\\src\\Illuminate\\Container\\BoundMethod.php(35): Illuminate\\Container\\BoundMethod::callBoundMethod(Object(Illuminate\\Foundation\\Application), Array, Object(Closure))
#17 C:\\Users\\ASUS\\Desktop\\Laravel\\Laravel_10_Job_Portal_Seeking\\vendor\\laravel\\framework\\src\\Illuminate\\Container\\Container.php(662): Illuminate\\Container\\BoundMethod::call(Object(Illuminate\\Foundation\\Application), Array, Array, NULL)
#18 C:\\Users\\ASUS\\Desktop\\Laravel\\Laravel_10_Job_Portal_Seeking\\vendor\\laravel\\framework\\src\\Illuminate\\Foundation\\Application.php(1030): Illuminate\\Container\\Container->call(Array)
#19 C:\\Users\\ASUS\\Desktop\\Laravel\\Laravel_10_Job_Portal_Seeking\\vendor\\laravel\\framework\\src\\Illuminate\\Foundation\\Application.php(1011): Illuminate\\Foundation\\Application->bootProvider(Object(Flasher\\Laravel\\FlasherServiceProvider))
#20 [internal function]: Illuminate\\Foundation\\Application->Illuminate\\Foundation\\{closure}(Object(Flasher\\Laravel\\FlasherServiceProvider), 24)
#21 C:\\Users\\ASUS\\Desktop\\Laravel\\Laravel_10_Job_Portal_Seeking\\vendor\\laravel\\framework\\src\\Illuminate\\Foundation\\Application.php(1010): array_walk(Array, Object(Closure))
#22 C:\\Users\\ASUS\\Desktop\\Laravel\\Laravel_10_Job_Portal_Seeking\\vendor\\laravel\\framework\\src\\Illuminate\\Foundation\\Bootstrap\\BootProviders.php(17): Illuminate\\Foundation\\Application->boot()
#23 C:\\Users\\ASUS\\Desktop\\Laravel\\Laravel_10_Job_Portal_Seeking\\vendor\\laravel\\framework\\src\\Illuminate\\Foundation\\Application.php(263): Illuminate\\Foundation\\Bootstrap\\BootProviders->bootstrap(Object(Illuminate\\Foundation\\Application))
#24 C:\\Users\\ASUS\\Desktop\\Laravel\\Laravel_10_Job_Portal_Seeking\\vendor\\laravel\\framework\\src\\Illuminate\\Foundation\\Console\\Kernel.php(447): Illuminate\\Foundation\\Application->bootstrapWith(Array)
#25 C:\\Users\\ASUS\\Desktop\\Laravel\\Laravel_10_Job_Portal_Seeking\\vendor\\laravel\\framework\\src\\Illuminate\\Foundation\\Console\\Kernel.php(199): Illuminate\\Foundation\\Console\\Kernel->bootstrap()
#26 Command line code(1): Illuminate\\Foundation\\Console\\Kernel->handle(Object(Symfony\\Component\\Console\\Input\\ArgvInput), Object(Symfony\\Component\\Console\\Output\\ConsoleOutput))
#27 {main}
"} 
[2024-06-21 03:54:08] local.ERROR: Please provide a valid cache path. {"exception":"[object] (InvalidArgumentException(code: 0): Please provide a valid cache path. at C:\\Users\\ASUS\\Desktop\\Laravel\\Laravel_10_Job_Portal_Seeking\\vendor\\laravel\\framework\\src\\Illuminate\\View\\Compilers\\Compiler.php:67)
[stacktrace]
#0 C:\\Users\\ASUS\\Desktop\\Laravel\\Laravel_10_Job_Portal_Seeking\\vendor\\laravel\\framework\\src\\Illuminate\\View\\ViewServiceProvider.php(96): Illuminate\\View\\Compilers\\Compiler->__construct(Object(Illuminate\\Filesystem\\Filesystem), false, '', true, 'php')
#1 C:\\Users\\ASUS\\Desktop\\Laravel\\Laravel_10_Job_Portal_Seeking\\vendor\\laravel\\framework\\src\\Illuminate\\Container\\Container.php(908): Illuminate\\View\\ViewServiceProvider->Illuminate\\View\\{closure}(Object(Illuminate\\Foundation\\Application), Array)
#2 C:\\Users\\ASUS\\Desktop\\Laravel\\Laravel_10_Job_Portal_Seeking\\vendor\\laravel\\framework\\src\\Illuminate\\Container\\Container.php(795): Illuminate\\Container\\Container->build(Object(Closure))
#3 C:\\Users\\ASUS\\Desktop\\Laravel\\Laravel_10_Job_Portal_Seeking\\vendor\\laravel\\framework\\src\\Illuminate\\Foundation\\Application.php(957): Illuminate\\Container\\Container->resolve('blade.compiler', Array, true)
#4 C:\\Users\\ASUS\\Desktop\\Laravel\\Laravel_10_Job_Portal_Seeking\\vendor\\laravel\\framework\\src\\Illuminate\\Container\\Container.php(731): Illuminate\\Foundation\\Application->resolve('blade.compiler', Array)
#5 C:\\Users\\ASUS\\Desktop\\Laravel\\Laravel_10_Job_Portal_Seeking\\vendor\\laravel\\framework\\src\\Illuminate\\Foundation\\Application.php(942): Illuminate\\Container\\Container->make('blade.compiler', Array)
#6 C:\\Users\\ASUS\\Desktop\\Laravel\\Laravel_10_Job_Portal_Seeking\\vendor\\laravel\\framework\\src\\Illuminate\\Container\\Container.php(1454): Illuminate\\Foundation\\Application->make('blade.compiler')
#7 C:\\Users\\ASUS\\Desktop\\Laravel\\Laravel_10_Job_Portal_Seeking\\vendor\\laravel\\framework\\src\\Illuminate\\Support\\Facades\\Facade.php(237): Illuminate\\Container\\Container->offsetGet('blade.compiler')
#8 C:\\Users\\ASUS\\Desktop\\Laravel\\Laravel_10_Job_Portal_Seeking\\vendor\\laravel\\framework\\src\\Illuminate\\Support\\Facades\\Facade.php(208): Illuminate\\Support\\Facades\\Facade::resolveFacadeInstance('blade.compiler')
#9 C:\\Users\\ASUS\\Desktop\\Laravel\\Laravel_10_Job_Portal_Seeking\\vendor\\laravel\\framework\\src\\Illuminate\\Support\\Facades\\Facade.php(349): Illuminate\\Support\\Facades\\Facade::getFacadeRoot()
#10 C:\\Users\\ASUS\\Desktop\\Laravel\\Laravel_10_Job_Portal_Seeking\\vendor\\php-flasher\\flasher-laravel\\FlasherServiceProvider.php(284): Illuminate\\Support\\Facades\\Facade::__callStatic('extend', Array)
#11 C:\\Users\\ASUS\\Desktop\\Laravel\\Laravel_10_Job_Portal_Seeking\\vendor\\php-flasher\\flasher-laravel\\FlasherServiceProvider.php(59): Flasher\\Laravel\\FlasherServiceProvider->registerBladeDirective()
#12 C:\\Users\\ASUS\\Desktop\\Laravel\\Laravel_10_Job_Portal_Seeking\\vendor\\php-flasher\\flasher-laravel\\Support\\ServiceProvider.php(42): Flasher\\Laravel\\FlasherServiceProvider->afterBoot()
#13 C:\\Users\\ASUS\\Desktop\\Laravel\\Laravel_10_Job_Portal_Seeking\\vendor\\laravel\\framework\\src\\Illuminate\\Container\\BoundMethod.php(36): Flasher\\Laravel\\Support\\ServiceProvider->boot()
#14 C:\\Users\\ASUS\\Desktop\\Laravel\\Laravel_10_Job_Portal_Seeking\\vendor\\laravel\\framework\\src\\Illuminate\\Container\\Util.php(41): Illuminate\\Container\\BoundMethod::Illuminate\\Container\\{closure}()
#15 C:\\Users\\ASUS\\Desktop\\Laravel\\Laravel_10_Job_Portal_Seeking\\vendor\\laravel\\framework\\src\\Illuminate\\Container\\BoundMethod.php(93): Illuminate\\Container\\Util::unwrapIfClosure(Object(Closure))
#16 C:\\Users\\ASUS\\Desktop\\Laravel\\Laravel_10_Job_Portal_Seeking\\vendor\\laravel\\framework\\src\\Illuminate\\Container\\BoundMethod.php(35): Illuminate\\Container\\BoundMethod::callBoundMethod(Object(Illuminate\\Foundation\\Application), Array, Object(Closure))
#17 C:\\Users\\ASUS\\Desktop\\Laravel\\Laravel_10_Job_Portal_Seeking\\vendor\\laravel\\framework\\src\\Illuminate\\Container\\Container.php(662): Illuminate\\Container\\BoundMethod::call(Object(Illuminate\\Foundation\\Application), Array, Array, NULL)
#18 C:\\Users\\ASUS\\Desktop\\Laravel\\Laravel_10_Job_Portal_Seeking\\vendor\\laravel\\framework\\src\\Illuminate\\Foundation\\Application.php(1030): Illuminate\\Container\\Container->call(Array)
#19 C:\\Users\\ASUS\\Desktop\\Laravel\\Laravel_10_Job_Portal_Seeking\\vendor\\laravel\\framework\\src\\Illuminate\\Foundation\\Application.php(1011): Illuminate\\Foundation\\Application->bootProvider(Object(Flasher\\Laravel\\FlasherServiceProvider))
#20 [internal function]: Illuminate\\Foundation\\Application->Illuminate\\Foundation\\{closure}(Object(Flasher\\Laravel\\FlasherServiceProvider), 24)
#21 C:\\Users\\ASUS\\Desktop\\Laravel\\Laravel_10_Job_Portal_Seeking\\vendor\\laravel\\framework\\src\\Illuminate\\Foundation\\Application.php(1010): array_walk(Array, Object(Closure))
#22 C:\\Users\\ASUS\\Desktop\\Laravel\\Laravel_10_Job_Portal_Seeking\\vendor\\laravel\\framework\\src\\Illuminate\\Foundation\\Bootstrap\\BootProviders.php(17): Illuminate\\Foundation\\Application->boot()
#23 C:\\Users\\ASUS\\Desktop\\Laravel\\Laravel_10_Job_Portal_Seeking\\vendor\\laravel\\framework\\src\\Illuminate\\Foundation\\Application.php(263): Illuminate\\Foundation\\Bootstrap\\BootProviders->bootstrap(Object(Illuminate\\Foundation\\Application))
#24 C:\\Users\\ASUS\\Desktop\\Laravel\\Laravel_10_Job_Portal_Seeking\\vendor\\laravel\\framework\\src\\Illuminate\\Foundation\\Console\\Kernel.php(447): Illuminate\\Foundation\\Application->bootstrapWith(Array)
#25 C:\\Users\\ASUS\\Desktop\\Laravel\\Laravel_10_Job_Portal_Seeking\\vendor\\laravel\\framework\\src\\Illuminate\\Foundation\\Console\\Kernel.php(199): Illuminate\\Foundation\\Console\\Kernel->bootstrap()
#26 Command line code(1): Illuminate\\Foundation\\Console\\Kernel->handle(Object(Symfony\\Component\\Console\\Input\\ArgvInput), Object(Symfony\\Component\\Console\\Output\\ConsoleOutput))
#27 {main}
"} 
